#
# A fatal error has been detected by the Java Runtime Environment:
#
#  EXCEPTION_ACCESS_VIOLATION (0xc0000005) at pc=0x00007ffb3348bfdb, pid=16656, tid=16336
#
# JRE version: OpenJDK Runtime Environment (14.0+36) (build 14+36-1461)
# Java VM: OpenJDK 64-Bit Server VM (14+36-1461, mixed mode, sharing, tiered, compressed oops, g1 gc, windows-amd64)
# Problematic frame:
# V  [jvm.dll+0x5abfdb]
#
# No core dump will be written. Minidumps are not enabled by default on client versions of Windows
#
# If you would like to submit a bug report, please visit:
#   https://bugreport.java.com/bugreport/crash.jsp
#

---------------  S U M M A R Y ------------

Command Line: -agentpath:C:/Program Files/NetBeans-11.3/netbeans/profiler/lib/deployed/jdk16/windows-amd64/profilerinterface.dll=C:\Program Files\NetBeans-11.3\netbeans\profiler\lib,5140,10 -XX:+HeapDumpOnOutOfMemoryError -XX:HeapDumpPath=C:\Users\niz66\AppData\Local\NetBeans\Cache\11.3\mavencachedirs\661857874\org-netbeans-modules-profiler Views.HomeUI

Host: Intel(R) Core(TM) i7-3610QM CPU @ 2.30GHz, 8 cores, 7G,  Windows 10 , 64 bit Build 18362 (10.0.18362.778)
Time: Tue Apr 21 16:28:30 2020 GMT Daylight Time elapsed time: 2 seconds (0d 0h 0m 2s)

---------------  T H R E A D  ---------------

Current thread (0x0000028642002800):  JavaThread "*** Profiler Agent Communication Thread" daemon [_thread_in_vm, id=16336, stack(0x0000008e9d300000,0x0000008e9d400000)]

Stack: [0x0000008e9d300000,0x0000008e9d400000],  sp=0x0000008e9d3feae0,  free space=1018k
Native frames: (J=compiled Java code, j=interpreted, Vv=VM code, C=native code)
V  [jvm.dll+0x5abfdb]
V  [jvm.dll+0x463e5b]
C  [profilerinterface.dll+0x34da]

Java frames: (J=compiled Java code, j=interpreted, Vv=VM code)
j  org.netbeans.lib.profiler.server.system.Stacks.getMethodNamesForJMethodIds(I[I[I)[B+0
j  org.netbeans.lib.profiler.server.ProfilerInterface.getMethodNamesForJMethodIds([I)Lorg/netbeans/lib/profiler/wireprotocol/MethodNamesResponse;+20
j  org.netbeans.lib.profiler.server.ProfilerServer.handleClientCommand(Lorg/netbeans/lib/profiler/wireprotocol/Command;)V+691
j  org.netbeans.lib.profiler.server.ProfilerServer.listenToClient()V+48
j  org.netbeans.lib.profiler.server.ProfilerServer.run()V+22
v  ~StubRoutines::call_stub

siginfo: EXCEPTION_ACCESS_VIOLATION (0xc0000005), reading address 0x0000000042e62510


Register to memory mapping:

RIP=0x00007ffb3348bfdb jvm.dll
RAX=0x0000008e9d3feb01 is pointing into the stack for thread: 0x0000028642002800
RBX=0x0000028642002800 is a thread
RCX=0x0000000042e62510 is an unknown value
RDX=0x0000028642002800 is a thread
RSP=0x0000008e9d3feae0 is pointing into the stack for thread: 0x0000028642002800
RBP=0x0000000042e62510 is an unknown value
RSI=0x0000008e9d3fec00 is pointing into the stack for thread: 0x0000028642002800
RDI=0x0000028620509e10 points into unknown readable memory: 00 03 8b 33 fb 7f 00 00
R8 =0x0000008e9d3fec00 is pointing into the stack for thread: 0x0000028642002800
R9 =0x0000000000000001 is an unknown value
R10=0x0 is NULL
R11=0x0000008e9d3fead8 is pointing into the stack for thread: 0x0000028642002800
R12=0x0000028644c88d60 points into unknown readable memory: 10 25 e6 02 c8 21 27 02
R13=0x0000000000000247 is an unknown value
R14=0x00007ffba1409c68 profilerinterface.dll
R15=0x00007ffba1409a60 profilerinterface.dll


Registers:
RAX=0x0000008e9d3feb01, RBX=0x0000028642002800, RCX=0x0000000042e62510, RDX=0x0000028642002800
RSP=0x0000008e9d3feae0, RBP=0x0000000042e62510, RSI=0x0000008e9d3fec00, RDI=0x0000028620509e10
R8 =0x0000008e9d3fec00, R9 =0x0000000000000001, R10=0x0000000000000000, R11=0x0000008e9d3fead8
R12=0x0000028644c88d60, R13=0x0000000000000247, R14=0x00007ffba1409c68, R15=0x00007ffba1409a60
RIP=0x00007ffb3348bfdb, EFLAGS=0x0000000000010202

Top of Stack: (sp=0x0000008e9d3feae0)
0x0000008e9d3feae0:   0000000000000247 0000000000000000
0x0000008e9d3feaf0:   00000000890714f8 00007ffb33270207
0x0000008e9d3feb00:   0000028642002800 00007ffb33343e5b
0x0000008e9d3feb10:   0000000000000247 0000028642002800
0x0000008e9d3feb20:   0000028642002b10 00007ffbae0c9da0
0x0000008e9d3feb30:   0000028642002800 0000000000000000
0x0000008e9d3feb40:   0000000000000000 0000000000000000
0x0000008e9d3feb50:   0000000042e62510 00007ffba14034da
0x0000008e9d3feb60:   0000000000000000 0000028642002b10
0x0000008e9d3feb70:   0000000000000001 0000008e9d3fecb0
0x0000008e9d3feb80:   0000028644c88d60 00007ffb33219c97
0x0000008e9d3feb90:   0000008e9d3febb0 0000028641f92d20
0x0000008e9d3feba0:   00000000001532bb 000002862acd057e
0x0000008e9d3febb0:   00000286418cf8a8 0000028642002800
0x0000008e9d3febc0:   0000028642002800 00000286418cf8a8
0x0000008e9d3febd0:   0000000000000000 0000000000000176 

Instructions: (pc=0x00007ffb3348bfdb)
0x00007ffb3348bedb:   e8 c0 89 c4 ff 33 db c6 05 a9 39 47 00 01 eb 67
0x00007ffb3348beeb:   48 8b 54 24 20 45 33 c0 48 8b 05 3e e1 42 00 48
0x00007ffb3348befb:   83 c2 18 48 8b cf ff d0 48 85 c0 74 20 48 8b 44
0x00007ffb3348bf0b:   24 20 48 8b d7 48 8b 48 08 48 8b 41 08 48 8b 48
0x00007ffb3348bf1b:   18 48 8b 89 98 00 00 00 e8 68 fa ff ff 80 3d 3b
0x00007ffb3348bf2b:   52 49 00 00 74 18 48 8b 4c 24 20 48 8b d3 e8 42
0x00007ffb3348bf3b:   2b 00 00 48 83 7b 08 00 74 04 33 db eb 09 48 8b
0x00007ffb3348bf4b:   44 24 20 48 8b 58 18 48 8d 4c 24 20 e8 34 76 d5
0x00007ffb3348bf5b:   ff 48 8b 7c 24 40 48 8b c3 48 83 c4 30 5b c3 cc
0x00007ffb3348bf6b:   cc cc cc cc cc 48 8b 51 08 4c 8b c1 48 8b 42 08
0x00007ffb3348bf7b:   0f b6 52 24 c0 ea 06 48 8b 48 18 8b 81 a4 00 00
0x00007ffb3348bf8b:   00 f6 c2 01 75 27 48 85 c9 74 14 8b c8 c1 e9 09
0x00007ffb3348bf9b:   f6 c1 01 74 0a 41 f7 40 20 02 04 00 00 74 0e 41
0x00007ffb3348bfab:   8b 48 20 0b c8 f6 c1 10 74 03 b0 01 c3 41 83 78
0x00007ffb3348bfbb:   24 fe 0f 94 c0 c3 cc cc cc cc cc cc cc cc cc cc
0x00007ffb3348bfcb:   cc cc cc cc cc 40 53 48 83 ec 20 48 85 c9 74 24
0x00007ffb3348bfdb:   48 8b 19 48 85 db 74 1c 48 83 fb 37 74 16 48 8b
0x00007ffb3348bfeb:   13 48 8b cb ff 52 10 84 c0 74 09 48 8b c3 48 83
0x00007ffb3348bffb:   c4 20 5b c3 33 c0 48 83 c4 20 5b c3 cc cc cc cc
0x00007ffb3348c00b:   cc cc cc cc cc 40 53 55 41 56 41 57 48 83 ec 28
0x00007ffb3348c01b:   48 8b 41 08 33 ed 4c 8b f1 48 8b 50 08 4c 8b 7a
0x00007ffb3348c02b:   18 49 8b 9f 80 01 00 00 48 85 db 0f 84 d5 00 00
0x00007ffb3348c03b:   00 8b 15 aa 2e 4e 00 65 48 8b 04 25 58 00 00 00
0x00007ffb3348c04b:   48 89 74 24 50 4c 89 64 24 60 4c 89 6c 24 20 41
0x00007ffb3348c05b:   bd ff ff 00 00 4c 8d 24 d0 41 b8 08 00 00 00 48
0x00007ffb3348c06b:   89 7c 24 58 90 49 8b 56 08 48 8b 73 10 0f b7 42
0x00007ffb3348c07b:   2a 66 39 43 08 75 6c 0f b7 42 2c 66 39 43 0a 75
0x00007ffb3348c08b:   62 48 63 4b 04 0f b6 03 88 44 11 38 49 8b 04 24
0x00007ffb3348c09b:   41 8b c8 48 8b 3c 01 49 8b ce 48 8b d7 e8 b3 11
0x00007ffb3348c0ab:   bf ff 48 83 7f 08 00 75 0a 48 85 c0 74 05 66 44
0x00007ffb3348c0bb:   01 68 16 48 85 ed 74 14 48 8b cb 48 89 75 10 e8
0x00007ffb3348c0cb:   21 69 af ff 41 b8 08 00 00 00 eb 1a 48 8b cb 49 


Stack slot to memory mapping:
stack at sp + 0 slots: 0x0000000000000247 is an unknown value
stack at sp + 1 slots: 0x0 is NULL
stack at sp + 2 slots: 0x00000000890714f8 is an oop: [I 
{0x00000000890714f8} - klass: {type array int}
 - length: 583
stack at sp + 3 slots: 0x00007ffb33270207 jvm.dll
stack at sp + 4 slots: 0x0000028642002800 is a thread
stack at sp + 5 slots: 0x00007ffb33343e5b jvm.dll
stack at sp + 6 slots: 0x0000000000000247 is an unknown value
stack at sp + 7 slots: 0x0000028642002800 is a thread


---------------  P R O C E S S  ---------------

Threads class SMR info:
_java_thread_list=0x0000028642275ac0, length=20, elements={
0x0000028641546000, 0x0000028641547000, 0x0000028641564800, 0x0000028641567000,
0x0000028641568000, 0x000002864156e800, 0x000002864157b800, 0x0000028641e8a800,
0x0000028641fcd800, 0x0000028642002800, 0x00000286420ac000, 0x00000286420cb000,
0x0000028642279000, 0x00000286429bb800, 0x0000028642b4a000, 0x0000028642a35800,
0x0000028642a39000, 0x0000028642ad4000, 0x0000028642a68800, 0x0000028642a68000
}

Java Threads: ( => current thread )
  0x0000028641546000 JavaThread "Reference Handler" daemon [_thread_blocked, id=2704, stack(0x0000008e9ca00000,0x0000008e9cb00000)]
  0x0000028641547000 JavaThread "Finalizer" daemon [_thread_blocked, id=13888, stack(0x0000008e9cb00000,0x0000008e9cc00000)]
  0x0000028641564800 JavaThread "Signal Dispatcher" daemon [_thread_blocked, id=20888, stack(0x0000008e9cc00000,0x0000008e9cd00000)]
  0x0000028641567000 JavaThread "Attach Listener" daemon [_thread_blocked, id=9288, stack(0x0000008e9cd00000,0x0000008e9ce00000)]
  0x0000028641568000 JavaThread "Service Thread" daemon [_thread_blocked, id=16400, stack(0x0000008e9ce00000,0x0000008e9cf00000)]
  0x000002864156e800 JavaThread "C2 CompilerThread0" daemon [_thread_blocked, id=18576, stack(0x0000008e9cf00000,0x0000008e9d000000)]
  0x000002864157b800 JavaThread "C1 CompilerThread0" daemon [_thread_blocked, id=14644, stack(0x0000008e9d000000,0x0000008e9d100000)]
  0x0000028641e8a800 JavaThread "Sweeper thread" daemon [_thread_blocked, id=12548, stack(0x0000008e9d100000,0x0000008e9d200000)]
  0x0000028641fcd800 JavaThread "Common-Cleaner" daemon [_thread_blocked, id=21724, stack(0x0000008e9d200000,0x0000008e9d300000)]
=>0x0000028642002800 JavaThread "*** Profiler Agent Communication Thread" daemon [_thread_in_vm, id=16336, stack(0x0000008e9d300000,0x0000008e9d400000)]
  0x00000286420ac000 JavaThread "*** JFluid Monitor thread ***" daemon [_thread_blocked, id=15084, stack(0x0000008e9d400000,0x0000008e9d500000)]
  0x00000286420cb000 JavaThread "*** Profiler Agent Special Execution Thread 6" daemon [_thread_blocked, id=10396, stack(0x0000008e9d500000,0x0000008e9d600000)]
  0x0000028642279000 JavaThread "*** Profiler Agent Special Execution Thread 10" daemon [_thread_blocked, id=7276, stack(0x0000008e9d700000,0x0000008e9d800000)]
  0x00000286429bb800 JavaThread "Notification Thread" daemon [_thread_blocked, id=3664, stack(0x0000008e9d600000,0x0000008e9d700000)]
  0x0000028642b4a000 JavaThread "Java2D Disposer" daemon [_thread_blocked, id=22264, stack(0x0000008e9d900000,0x0000008e9da00000)]
  0x0000028642a35800 JavaThread "AWT-Shutdown" [_thread_blocked, id=3280, stack(0x0000008e9da00000,0x0000008e9db00000)]
  0x0000028642a39000 JavaThread "AWT-Windows" daemon [_thread_blocked, id=12008, stack(0x0000008e9db00000,0x0000008e9dc00000)]
  0x0000028642ad4000 JavaThread "AWT-EventQueue-0" [_thread_blocked, id=14344, stack(0x0000008e9dc00000,0x0000008e9dd00000)]
  0x0000028642a68800 JavaThread "DestroyJavaVM" [_thread_blocked, id=11980, stack(0x0000008e9c300000,0x0000008e9c400000)]
  0x0000028642a68000 JavaThread "Image Fetcher 0" daemon [_thread_blocked, id=21224, stack(0x0000008e9dd00000,0x0000008e9de00000)]

Other Threads:
  0x000002864153e000 VMThread "VM Thread" [stack: 0x0000008e9c900000,0x0000008e9ca00000] [id=8072] _threads_hazard_ptr=0x0000028642275ac0
  0x0000028642b1a800 WatcherThread [stack: 0x0000008e9d800000,0x0000008e9d900000] [id=15260]
  0x0000028622523800 GCTaskThread "GC Thread#0" [stack: 0x0000008e9c400000,0x0000008e9c500000] [id=17168]
  0x0000028622535000 ConcurrentGCThread "G1 Main Marker" [stack: 0x0000008e9c500000,0x0000008e9c600000] [id=676]
  0x0000028622537800 ConcurrentGCThread "G1 Conc#0" [stack: 0x0000008e9c600000,0x0000008e9c700000] [id=5116]
  0x00000286413a6800 ConcurrentGCThread "G1 Refine#0" [stack: 0x0000008e9c700000,0x0000008e9c800000] [id=8504]
  0x00000286413aa800 ConcurrentGCThread "G1 Young RemSet Sampling" [stack: 0x0000008e9c800000,0x0000008e9c900000] [id=21996]

Threads with active compile tasks:

VM state:synchronizing (normal execution)

VM Mutex/Monitor currently owned by a thread:  ([mutex/lock_event])
[0x00000286224e1a00] Threads_lock - owner thread: 0x000002864153e000

Heap address: 0x0000000081600000, size: 2026 MB, Compressed Oops mode: 32-bit
Narrow klass base: 0x0000000800000000, Narrow klass shift: 3
Compressed class space size: 1073741824 Address: 0x0000000800b30000

Heap:
 garbage-first heap   total 131072K, used 24576K [0x0000000081600000, 0x0000000100000000)
  region size 1024K, 16 young (16384K), 0 survivors (0K)
 Metaspace       used 13178K, capacity 13595K, committed 13824K, reserved 1060864K
  class space    used 1511K, capacity 1673K, committed 1792K, reserved 1048576K
Heap Regions: E=young(eden), S=young(survivor), O=old, HS=humongous(starts), HC=humongous(continues), CS=collection set, F=free, OA=open archive, CA=closed archive, TAMS=top-at-mark-start (previous, next)
|   0|0x0000000081600000, 0x0000000081700000, 0x0000000081700000|100%|HS|  |TAMS 0x0000000081600000, 0x0000000081600000| Complete 
|   1|0x0000000081700000, 0x0000000081800000, 0x0000000081800000|100%|HC|  |TAMS 0x0000000081700000, 0x0000000081700000| Complete 
|   2|0x0000000081800000, 0x0000000081900000, 0x0000000081900000|100%|HS|  |TAMS 0x0000000081800000, 0x0000000081800000| Complete 
|   3|0x0000000081900000, 0x0000000081a00000, 0x0000000081a00000|100%|HC|  |TAMS 0x0000000081900000, 0x0000000081900000| Complete 
|   4|0x0000000081a00000, 0x0000000081b00000, 0x0000000081b00000|100%|HS|  |TAMS 0x0000000081a00000, 0x0000000081a00000| Complete 
|   5|0x0000000081b00000, 0x0000000081c00000, 0x0000000081c00000|100%|HC|  |TAMS 0x0000000081b00000, 0x0000000081b00000| Complete 
|   6|0x0000000081c00000, 0x0000000081d00000, 0x0000000081d00000|100%|HC|  |TAMS 0x0000000081c00000, 0x0000000081c00000| Complete 
|   7|0x0000000081d00000, 0x0000000081e00000, 0x0000000081e00000|100%|HC|  |TAMS 0x0000000081d00000, 0x0000000081d00000| Complete 
|   8|0x0000000081e00000, 0x0000000081f00000, 0x0000000081f00000|100%|HC|  |TAMS 0x0000000081e00000, 0x0000000081e00000| Complete 
|   9|0x0000000081f00000, 0x0000000082000000, 0x0000000082000000|100%|HC|  |TAMS 0x0000000081f00000, 0x0000000081f00000| Complete 
|  10|0x0000000082000000, 0x0000000082000000, 0x0000000082100000|  0%| F|  |TAMS 0x0000000082000000, 0x0000000082000000| Untracked 
|  11|0x0000000082100000, 0x0000000082100000, 0x0000000082200000|  0%| F|  |TAMS 0x0000000082100000, 0x0000000082100000| Untracked 
|  12|0x0000000082200000, 0x0000000082200000, 0x0000000082300000|  0%| F|  |TAMS 0x0000000082200000, 0x0000000082200000| Untracked 
|  13|0x0000000082300000, 0x0000000082300000, 0x0000000082400000|  0%| F|  |TAMS 0x0000000082300000, 0x0000000082300000| Untracked 
|  14|0x0000000082400000, 0x0000000082400000, 0x0000000082500000|  0%| F|  |TAMS 0x0000000082400000, 0x0000000082400000| Untracked 
|  15|0x0000000082500000, 0x0000000082500000, 0x0000000082600000|  0%| F|  |TAMS 0x0000000082500000, 0x0000000082500000| Untracked 
|  16|0x0000000082600000, 0x0000000082600000, 0x0000000082700000|  0%| F|  |TAMS 0x0000000082600000, 0x0000000082600000| Untracked 
|  17|0x0000000082700000, 0x0000000082700000, 0x0000000082800000|  0%| F|  |TAMS 0x0000000082700000, 0x0000000082700000| Untracked 
|  18|0x0000000082800000, 0x0000000082800000, 0x0000000082900000|  0%| F|  |TAMS 0x0000000082800000, 0x0000000082800000| Untracked 
|  19|0x0000000082900000, 0x0000000082900000, 0x0000000082a00000|  0%| F|  |TAMS 0x0000000082900000, 0x0000000082900000| Untracked 
|  20|0x0000000082a00000, 0x0000000082a00000, 0x0000000082b00000|  0%| F|  |TAMS 0x0000000082a00000, 0x0000000082a00000| Untracked 
|  21|0x0000000082b00000, 0x0000000082b00000, 0x0000000082c00000|  0%| F|  |TAMS 0x0000000082b00000, 0x0000000082b00000| Untracked 
|  22|0x0000000082c00000, 0x0000000082c00000, 0x0000000082d00000|  0%| F|  |TAMS 0x0000000082c00000, 0x0000000082c00000| Untracked 
|  23|0x0000000082d00000, 0x0000000082d00000, 0x0000000082e00000|  0%| F|  |TAMS 0x0000000082d00000, 0x0000000082d00000| Untracked 
|  24|0x0000000082e00000, 0x0000000082e00000, 0x0000000082f00000|  0%| F|  |TAMS 0x0000000082e00000, 0x0000000082e00000| Untracked 
|  25|0x0000000082f00000, 0x0000000082f00000, 0x0000000083000000|  0%| F|  |TAMS 0x0000000082f00000, 0x0000000082f00000| Untracked 
|  26|0x0000000083000000, 0x0000000083000000, 0x0000000083100000|  0%| F|  |TAMS 0x0000000083000000, 0x0000000083000000| Untracked 
|  27|0x0000000083100000, 0x0000000083100000, 0x0000000083200000|  0%| F|  |TAMS 0x0000000083100000, 0x0000000083100000| Untracked 
|  28|0x0000000083200000, 0x0000000083200000, 0x0000000083300000|  0%| F|  |TAMS 0x0000000083200000, 0x0000000083200000| Untracked 
|  29|0x0000000083300000, 0x0000000083300000, 0x0000000083400000|  0%| F|  |TAMS 0x0000000083300000, 0x0000000083300000| Untracked 
|  30|0x0000000083400000, 0x0000000083400000, 0x0000000083500000|  0%| F|  |TAMS 0x0000000083400000, 0x0000000083400000| Untracked 
|  31|0x0000000083500000, 0x0000000083500000, 0x0000000083600000|  0%| F|  |TAMS 0x0000000083500000, 0x0000000083500000| Untracked 
|  32|0x0000000083600000, 0x0000000083600000, 0x0000000083700000|  0%| F|  |TAMS 0x0000000083600000, 0x0000000083600000| Untracked 
|  33|0x0000000083700000, 0x0000000083700000, 0x0000000083800000|  0%| F|  |TAMS 0x0000000083700000, 0x0000000083700000| Untracked 
|  34|0x0000000083800000, 0x0000000083800000, 0x0000000083900000|  0%| F|  |TAMS 0x0000000083800000, 0x0000000083800000| Untracked 
|  35|0x0000000083900000, 0x0000000083900000, 0x0000000083a00000|  0%| F|  |TAMS 0x0000000083900000, 0x0000000083900000| Untracked 
|  36|0x0000000083a00000, 0x0000000083a00000, 0x0000000083b00000|  0%| F|  |TAMS 0x0000000083a00000, 0x0000000083a00000| Untracked 
|  37|0x0000000083b00000, 0x0000000083b00000, 0x0000000083c00000|  0%| F|  |TAMS 0x0000000083b00000, 0x0000000083b00000| Untracked 
|  38|0x0000000083c00000, 0x0000000083c00000, 0x0000000083d00000|  0%| F|  |TAMS 0x0000000083c00000, 0x0000000083c00000| Untracked 
|  39|0x0000000083d00000, 0x0000000083d00000, 0x0000000083e00000|  0%| F|  |TAMS 0x0000000083d00000, 0x0000000083d00000| Untracked 
|  40|0x0000000083e00000, 0x0000000083e00000, 0x0000000083f00000|  0%| F|  |TAMS 0x0000000083e00000, 0x0000000083e00000| Untracked 
|  41|0x0000000083f00000, 0x0000000083f00000, 0x0000000084000000|  0%| F|  |TAMS 0x0000000083f00000, 0x0000000083f00000| Untracked 
|  42|0x0000000084000000, 0x0000000084000000, 0x0000000084100000|  0%| F|  |TAMS 0x0000000084000000, 0x0000000084000000| Untracked 
|  43|0x0000000084100000, 0x0000000084100000, 0x0000000084200000|  0%| F|  |TAMS 0x0000000084100000, 0x0000000084100000| Untracked 
|  44|0x0000000084200000, 0x0000000084200000, 0x0000000084300000|  0%| F|  |TAMS 0x0000000084200000, 0x0000000084200000| Untracked 
|  45|0x0000000084300000, 0x0000000084300000, 0x0000000084400000|  0%| F|  |TAMS 0x0000000084300000, 0x0000000084300000| Untracked 
|  46|0x0000000084400000, 0x0000000084400000, 0x0000000084500000|  0%| F|  |TAMS 0x0000000084400000, 0x0000000084400000| Untracked 
|  47|0x0000000084500000, 0x0000000084500000, 0x0000000084600000|  0%| F|  |TAMS 0x0000000084500000, 0x0000000084500000| Untracked 
|  48|0x0000000084600000, 0x0000000084600000, 0x0000000084700000|  0%| F|  |TAMS 0x0000000084600000, 0x0000000084600000| Untracked 
|  49|0x0000000084700000, 0x0000000084700000, 0x0000000084800000|  0%| F|  |TAMS 0x0000000084700000, 0x0000000084700000| Untracked 
|  50|0x0000000084800000, 0x0000000084800000, 0x0000000084900000|  0%| F|  |TAMS 0x0000000084800000, 0x0000000084800000| Untracked 
|  51|0x0000000084900000, 0x0000000084900000, 0x0000000084a00000|  0%| F|  |TAMS 0x0000000084900000, 0x0000000084900000| Untracked 
|  52|0x0000000084a00000, 0x0000000084a00000, 0x0000000084b00000|  0%| F|  |TAMS 0x0000000084a00000, 0x0000000084a00000| Untracked 
|  53|0x0000000084b00000, 0x0000000084b00000, 0x0000000084c00000|  0%| F|  |TAMS 0x0000000084b00000, 0x0000000084b00000| Untracked 
|  54|0x0000000084c00000, 0x0000000084c00000, 0x0000000084d00000|  0%| F|  |TAMS 0x0000000084c00000, 0x0000000084c00000| Untracked 
|  55|0x0000000084d00000, 0x0000000084d00000, 0x0000000084e00000|  0%| F|  |TAMS 0x0000000084d00000, 0x0000000084d00000| Untracked 
|  56|0x0000000084e00000, 0x0000000084e00000, 0x0000000084f00000|  0%| F|  |TAMS 0x0000000084e00000, 0x0000000084e00000| Untracked 
|  57|0x0000000084f00000, 0x0000000084f00000, 0x0000000085000000|  0%| F|  |TAMS 0x0000000084f00000, 0x0000000084f00000| Untracked 
|  58|0x0000000085000000, 0x0000000085000000, 0x0000000085100000|  0%| F|  |TAMS 0x0000000085000000, 0x0000000085000000| Untracked 
|  59|0x0000000085100000, 0x0000000085100000, 0x0000000085200000|  0%| F|  |TAMS 0x0000000085100000, 0x0000000085100000| Untracked 
|  60|0x0000000085200000, 0x0000000085200000, 0x0000000085300000|  0%| F|  |TAMS 0x0000000085200000, 0x0000000085200000| Untracked 
|  61|0x0000000085300000, 0x0000000085300000, 0x0000000085400000|  0%| F|  |TAMS 0x0000000085300000, 0x0000000085300000| Untracked 
|  62|0x0000000085400000, 0x0000000085400000, 0x0000000085500000|  0%| F|  |TAMS 0x0000000085400000, 0x0000000085400000| Untracked 
|  63|0x0000000085500000, 0x0000000085500000, 0x0000000085600000|  0%| F|  |TAMS 0x0000000085500000, 0x0000000085500000| Untracked 
|  64|0x0000000085600000, 0x0000000085600000, 0x0000000085700000|  0%| F|  |TAMS 0x0000000085600000, 0x0000000085600000| Untracked 
|  65|0x0000000085700000, 0x0000000085700000, 0x0000000085800000|  0%| F|  |TAMS 0x0000000085700000, 0x0000000085700000| Untracked 
|  66|0x0000000085800000, 0x0000000085800000, 0x0000000085900000|  0%| F|  |TAMS 0x0000000085800000, 0x0000000085800000| Untracked 
|  67|0x0000000085900000, 0x0000000085900000, 0x0000000085a00000|  0%| F|  |TAMS 0x0000000085900000, 0x0000000085900000| Untracked 
|  68|0x0000000085a00000, 0x0000000085a00000, 0x0000000085b00000|  0%| F|  |TAMS 0x0000000085a00000, 0x0000000085a00000| Untracked 
|  69|0x0000000085b00000, 0x0000000085b00000, 0x0000000085c00000|  0%| F|  |TAMS 0x0000000085b00000, 0x0000000085b00000| Untracked 
|  70|0x0000000085c00000, 0x0000000085c00000, 0x0000000085d00000|  0%| F|  |TAMS 0x0000000085c00000, 0x0000000085c00000| Untracked 
|  71|0x0000000085d00000, 0x0000000085d00000, 0x0000000085e00000|  0%| F|  |TAMS 0x0000000085d00000, 0x0000000085d00000| Untracked 
|  72|0x0000000085e00000, 0x0000000085e00000, 0x0000000085f00000|  0%| F|  |TAMS 0x0000000085e00000, 0x0000000085e00000| Untracked 
|  73|0x0000000085f00000, 0x0000000085f00000, 0x0000000086000000|  0%| F|  |TAMS 0x0000000085f00000, 0x0000000085f00000| Untracked 
|  74|0x0000000086000000, 0x0000000086000000, 0x0000000086100000|  0%| F|  |TAMS 0x0000000086000000, 0x0000000086000000| Untracked 
|  75|0x0000000086100000, 0x0000000086100000, 0x0000000086200000|  0%| F|  |TAMS 0x0000000086100000, 0x0000000086100000| Untracked 
|  76|0x0000000086200000, 0x0000000086200000, 0x0000000086300000|  0%| F|  |TAMS 0x0000000086200000, 0x0000000086200000| Untracked 
|  77|0x0000000086300000, 0x0000000086300000, 0x0000000086400000|  0%| F|  |TAMS 0x0000000086300000, 0x0000000086300000| Untracked 
|  78|0x0000000086400000, 0x0000000086400000, 0x0000000086500000|  0%| F|  |TAMS 0x0000000086400000, 0x0000000086400000| Untracked 
|  79|0x0000000086500000, 0x0000000086500000, 0x0000000086600000|  0%| F|  |TAMS 0x0000000086500000, 0x0000000086500000| Untracked 
|  80|0x0000000086600000, 0x0000000086600000, 0x0000000086700000|  0%| F|  |TAMS 0x0000000086600000, 0x0000000086600000| Untracked 
|  81|0x0000000086700000, 0x0000000086700000, 0x0000000086800000|  0%| F|  |TAMS 0x0000000086700000, 0x0000000086700000| Untracked 
|  82|0x0000000086800000, 0x0000000086800000, 0x0000000086900000|  0%| F|  |TAMS 0x0000000086800000, 0x0000000086800000| Untracked 
|  83|0x0000000086900000, 0x0000000086900000, 0x0000000086a00000|  0%| F|  |TAMS 0x0000000086900000, 0x0000000086900000| Untracked 
|  84|0x0000000086a00000, 0x0000000086a00000, 0x0000000086b00000|  0%| F|  |TAMS 0x0000000086a00000, 0x0000000086a00000| Untracked 
|  85|0x0000000086b00000, 0x0000000086b00000, 0x0000000086c00000|  0%| F|  |TAMS 0x0000000086b00000, 0x0000000086b00000| Untracked 
|  86|0x0000000086c00000, 0x0000000086c00000, 0x0000000086d00000|  0%| F|  |TAMS 0x0000000086c00000, 0x0000000086c00000| Untracked 
|  87|0x0000000086d00000, 0x0000000086d00000, 0x0000000086e00000|  0%| F|  |TAMS 0x0000000086d00000, 0x0000000086d00000| Untracked 
|  88|0x0000000086e00000, 0x0000000086e00000, 0x0000000086f00000|  0%| F|  |TAMS 0x0000000086e00000, 0x0000000086e00000| Untracked 
|  89|0x0000000086f00000, 0x0000000086f00000, 0x0000000087000000|  0%| F|  |TAMS 0x0000000086f00000, 0x0000000086f00000| Untracked 
|  90|0x0000000087000000, 0x0000000087000000, 0x0000000087100000|  0%| F|  |TAMS 0x0000000087000000, 0x0000000087000000| Untracked 
|  91|0x0000000087100000, 0x0000000087100000, 0x0000000087200000|  0%| F|  |TAMS 0x0000000087100000, 0x0000000087100000| Untracked 
|  92|0x0000000087200000, 0x0000000087200000, 0x0000000087300000|  0%| F|  |TAMS 0x0000000087200000, 0x0000000087200000| Untracked 
|  93|0x0000000087300000, 0x0000000087300000, 0x0000000087400000|  0%| F|  |TAMS 0x0000000087300000, 0x0000000087300000| Untracked 
|  94|0x0000000087400000, 0x0000000087400000, 0x0000000087500000|  0%| F|  |TAMS 0x0000000087400000, 0x0000000087400000| Untracked 
|  95|0x0000000087500000, 0x0000000087500000, 0x0000000087600000|  0%| F|  |TAMS 0x0000000087500000, 0x0000000087500000| Untracked 
|  96|0x0000000087600000, 0x0000000087600000, 0x0000000087700000|  0%| F|  |TAMS 0x0000000087600000, 0x0000000087600000| Untracked 
|  97|0x0000000087700000, 0x0000000087700000, 0x0000000087800000|  0%| F|  |TAMS 0x0000000087700000, 0x0000000087700000| Untracked 
|  98|0x0000000087800000, 0x0000000087800000, 0x0000000087900000|  0%| F|  |TAMS 0x0000000087800000, 0x0000000087800000| Untracked 
|  99|0x0000000087900000, 0x0000000087900000, 0x0000000087a00000|  0%| F|  |TAMS 0x0000000087900000, 0x0000000087900000| Untracked 
| 100|0x0000000087a00000, 0x0000000087a00000, 0x0000000087b00000|  0%| F|  |TAMS 0x0000000087a00000, 0x0000000087a00000| Untracked 
| 101|0x0000000087b00000, 0x0000000087b00000, 0x0000000087c00000|  0%| F|  |TAMS 0x0000000087b00000, 0x0000000087b00000| Untracked 
| 102|0x0000000087c00000, 0x0000000087c00000, 0x0000000087d00000|  0%| F|  |TAMS 0x0000000087c00000, 0x0000000087c00000| Untracked 
| 103|0x0000000087d00000, 0x0000000087d00000, 0x0000000087e00000|  0%| F|  |TAMS 0x0000000087d00000, 0x0000000087d00000| Untracked 
| 104|0x0000000087e00000, 0x0000000087e00000, 0x0000000087f00000|  0%| F|  |TAMS 0x0000000087e00000, 0x0000000087e00000| Untracked 
| 105|0x0000000087f00000, 0x0000000087f00000, 0x0000000088000000|  0%| F|  |TAMS 0x0000000087f00000, 0x0000000087f00000| Untracked 
| 106|0x0000000088000000, 0x0000000088000000, 0x0000000088100000|  0%| F|  |TAMS 0x0000000088000000, 0x0000000088000000| Untracked 
| 107|0x0000000088100000, 0x0000000088100000, 0x0000000088200000|  0%| F|  |TAMS 0x0000000088100000, 0x0000000088100000| Untracked 
| 108|0x0000000088200000, 0x0000000088200000, 0x0000000088300000|  0%| F|  |TAMS 0x0000000088200000, 0x0000000088200000| Untracked 
| 109|0x0000000088300000, 0x0000000088300000, 0x0000000088400000|  0%| F|  |TAMS 0x0000000088300000, 0x0000000088300000| Untracked 
| 110|0x0000000088400000, 0x0000000088400000, 0x0000000088500000|  0%| F|  |TAMS 0x0000000088400000, 0x0000000088400000| Untracked 
| 111|0x0000000088500000, 0x0000000088500000, 0x0000000088600000|  0%| F|  |TAMS 0x0000000088500000, 0x0000000088500000| Untracked 
| 112|0x0000000088600000, 0x00000000886ec078, 0x0000000088700000| 92%| E|  |TAMS 0x0000000088600000, 0x0000000088600000| Complete 
| 113|0x0000000088700000, 0x0000000088800000, 0x0000000088800000|100%| E|CS|TAMS 0x0000000088700000, 0x0000000088700000| Complete 
| 114|0x0000000088800000, 0x0000000088900000, 0x0000000088900000|100%| E|CS|TAMS 0x0000000088800000, 0x0000000088800000| Complete 
| 115|0x0000000088900000, 0x0000000088a00000, 0x0000000088a00000|100%| E|CS|TAMS 0x0000000088900000, 0x0000000088900000| Complete 
| 116|0x0000000088a00000, 0x0000000088b00000, 0x0000000088b00000|100%| E|CS|TAMS 0x0000000088a00000, 0x0000000088a00000| Complete 
| 117|0x0000000088b00000, 0x0000000088c00000, 0x0000000088c00000|100%| E|CS|TAMS 0x0000000088b00000, 0x0000000088b00000| Complete 
| 118|0x0000000088c00000, 0x0000000088d00000, 0x0000000088d00000|100%| E|  |TAMS 0x0000000088c00000, 0x0000000088c00000| Complete 
| 119|0x0000000088d00000, 0x0000000088e00000, 0x0000000088e00000|100%| E|CS|TAMS 0x0000000088d00000, 0x0000000088d00000| Complete 
| 120|0x0000000088e00000, 0x0000000088f00000, 0x0000000088f00000|100%| E|CS|TAMS 0x0000000088e00000, 0x0000000088e00000| Complete 
| 121|0x0000000088f00000, 0x0000000089000000, 0x0000000089000000|100%| E|CS|TAMS 0x0000000088f00000, 0x0000000088f00000| Complete 
| 122|0x0000000089000000, 0x0000000089100000, 0x0000000089100000|100%| E|CS|TAMS 0x0000000089000000, 0x0000000089000000| Complete 
| 123|0x0000000089100000, 0x0000000089200000, 0x0000000089200000|100%| E|CS|TAMS 0x0000000089100000, 0x0000000089100000| Complete 
| 124|0x0000000089200000, 0x0000000089300000, 0x0000000089300000|100%| E|CS|TAMS 0x0000000089200000, 0x0000000089200000| Complete 
| 125|0x0000000089300000, 0x0000000089400000, 0x0000000089400000|100%| E|CS|TAMS 0x0000000089300000, 0x0000000089300000| Complete 
| 126|0x0000000089400000, 0x0000000089500000, 0x0000000089500000|100%| E|CS|TAMS 0x0000000089400000, 0x0000000089400000| Complete 
| 127|0x0000000089500000, 0x0000000089600000, 0x0000000089600000|100%| E|CS|TAMS 0x0000000089500000, 0x0000000089500000| Complete 

Card table byte_map: [0x000002863a3a0000,0x000002863a7a0000] _byte_map_base: 0x0000028639f95000

Marking Bits (Prev, Next): (CMBitMap*) 0x00000286225243b8, (CMBitMap*) 0x00000286225243f8
 Prev Bits: [0x000002863aba0000, 0x000002863cb48000)
 Next Bits: [0x000002863cb50000, 0x000002863eaf8000)

Polling page: 0x00000286203c0000

Metaspace:

Usage:
  Non-class:     11.64 MB capacity,    11.39 MB ( 98%) used,   221.09 KB (  2%) free+waste,    34.50 KB ( <1%) overhead. 
      Class:      1.63 MB capacity,     1.48 MB ( 90%) used,   141.19 KB (  8%) free+waste,    20.06 KB (  1%) overhead. 
       Both:     13.28 MB capacity,    12.87 MB ( 97%) used,   362.28 KB (  3%) free+waste,    54.56 KB ( <1%) overhead. 

Virtual space:
  Non-class space:       12.00 MB reserved,      11.75 MB ( 98%) committed 
      Class space:        1.00 GB reserved,       1.75 MB ( <1%) committed 
             Both:        1.01 GB reserved,      13.50 MB (  1%) committed 

Chunk freelists:
   Non-Class:  46.00 KB
       Class:  23.00 KB
        Both:  69.00 KB

MaxMetaspaceSize: 17179869184.00 GB
CompressedClassSpaceSize: 1.00 GB

CodeHeap 'non-profiled nmethods': size=120000Kb used=502Kb max_used=502Kb free=119497Kb
 bounds [0x0000028632740000, 0x00000286329b0000, 0x0000028639c70000]
CodeHeap 'profiled nmethods': size=120000Kb used=2767Kb max_used=2767Kb free=117232Kb
 bounds [0x000002862b210000, 0x000002862b4d0000, 0x0000028632740000]
CodeHeap 'non-nmethods': size=5760Kb used=1345Kb max_used=1361Kb free=4414Kb
 bounds [0x000002862ac70000, 0x000002862aee0000, 0x000002862b210000]
 total_blobs=2728 nmethods=1533 adapters=565
 compilation: enabled
              stopped_count=0, restarted_count=0
 full_count=0

Compilation events (20 events):
Event: 1.868 Thread 0x000002864157b800 nmethod 1523 0x000002862b4bbf10 code [0x000002862b4bc400, 0x000002862b4bee18]
Event: 1.868 Thread 0x000002864157b800 1524       3       sun.util.locale.LocaleUtils::isEmpty (19 bytes)
Event: 1.868 Thread 0x000002864157b800 nmethod 1524 0x000002862b4bfc10 code [0x000002862b4bfdc0, 0x000002862b4c0008]
Event: 1.868 Thread 0x000002864157b800 1525       3       sun.util.locale.InternalLocaleBuilder::getBaseLocale (187 bytes)
Event: 1.870 Thread 0x000002864157b800 nmethod 1525 0x000002862b4c0110 code [0x000002862b4c0440, 0x000002862b4c16d8]
Event: 1.870 Thread 0x000002864157b800 1526       3       sun.util.locale.InternalLocaleBuilder::getLocaleExtensions (65 bytes)
Event: 1.870 Thread 0x000002864157b800 nmethod 1526 0x000002862b4c1e10 code [0x000002862b4c2040, 0x000002862b4c2888]
Event: 1.870 Thread 0x000002864157b800 1527       3       sun.util.locale.LocaleUtils::isEmpty (19 bytes)
Event: 1.870 Thread 0x000002864157b800 nmethod 1527 0x000002862b4c2a90 code [0x000002862b4c2c40, 0x000002862b4c2e88]
Event: 1.870 Thread 0x000002864157b800 1528       1       java.awt.AWTEvent::getID (5 bytes)
Event: 1.871 Thread 0x000002864157b800 nmethod 1528 0x00000286327bc490 code [0x00000286327bc620, 0x00000286327bc6f8]
Event: 1.871 Thread 0x000002864157b800 1529       1       java.awt.Component::getX (5 bytes)
Event: 1.871 Thread 0x000002864157b800 nmethod 1529 0x00000286327bc790 code [0x00000286327bc920, 0x00000286327bc9f8]
Event: 1.871 Thread 0x000002864157b800 1530       1       java.awt.Component::getY (5 bytes)
Event: 1.871 Thread 0x000002864157b800 nmethod 1530 0x00000286327bca90 code [0x00000286327bcc20, 0x00000286327bccf8]
Event: 1.915 Thread 0x0000028642c1b000 1531       4       java.lang.StringBuilder::append (8 bytes)
Event: 1.925 Thread 0x0000028642c1b000 nmethod 1531 0x00000286327bcd90 code [0x00000286327bcfa0, 0x00000286327bd618]
Event: 2.029 Thread 0x000002864157b800 1532       3       java.io.Bits::getInt (43 bytes)
Event: 2.030 Thread 0x000002864157b800 nmethod 1532 0x000002862b4c2f90 code [0x000002862b4c3120, 0x000002862b4c32b8]
Event: 2.030 Thread 0x000002864157b800 1533       3       java.io.ObjectInputStream::readInt (8 bytes)

GC Heap History (0 events):
No events

Deoptimization events (20 events):
Event: 1.734 Thread 0x0000028642a39000 Uncommon trap: trap_request=0xffffffde fr.pc=0x000002863277ea6c relative=0x000000000000088c
Event: 1.734 Thread 0x0000028642a39000 Uncommon trap: reason=class_check action=maybe_recompile pc=0x000002863277ea6c method=java.util.HashMap.putVal(ILjava/lang/Object;Ljava/lang/Object;ZZ)Ljava/lang/Object; @ 203 c2
Event: 1.734 Thread 0x0000028642a39000 DEOPT PACKING pc=0x000002863277ea6c sp=0x0000008e9dbfe020
Event: 1.734 Thread 0x0000028642a39000 DEOPT UNPACKING pc=0x000002862acb912f sp=0x0000008e9dbfdfa0 mode 2
Event: 1.734 Thread 0x0000028642a39000 Uncommon trap: trap_request=0xffffffde fr.pc=0x000002863277ea1c relative=0x000000000000083c
Event: 1.734 Thread 0x0000028642a39000 Uncommon trap: reason=class_check action=maybe_recompile pc=0x000002863277ea1c method=java.util.HashMap.putVal(ILjava/lang/Object;Ljava/lang/Object;ZZ)Ljava/lang/Object; @ 91 c2
Event: 1.734 Thread 0x0000028642a39000 DEOPT PACKING pc=0x000002863277ea1c sp=0x0000008e9dbfe020
Event: 1.734 Thread 0x0000028642a39000 DEOPT UNPACKING pc=0x000002862acb912f sp=0x0000008e9dbfdfa0 mode 2
Event: 1.734 Thread 0x0000028642a39000 Uncommon trap: trap_request=0xffffffde fr.pc=0x000002863277ea6c relative=0x000000000000088c
Event: 1.734 Thread 0x0000028642a39000 Uncommon trap: reason=class_check action=maybe_recompile pc=0x000002863277ea6c method=java.util.HashMap.putVal(ILjava/lang/Object;Ljava/lang/Object;ZZ)Ljava/lang/Object; @ 203 c2
Event: 1.734 Thread 0x0000028642a39000 DEOPT PACKING pc=0x000002863277ea6c sp=0x0000008e9dbfe020
Event: 1.734 Thread 0x0000028642a39000 DEOPT UNPACKING pc=0x000002862acb912f sp=0x0000008e9dbfdfa0 mode 2
Event: 1.734 Thread 0x0000028642a39000 Uncommon trap: trap_request=0xffffffde fr.pc=0x000002863277ea6c relative=0x000000000000088c
Event: 1.734 Thread 0x0000028642a39000 Uncommon trap: reason=class_check action=maybe_recompile pc=0x000002863277ea6c method=java.util.HashMap.putVal(ILjava/lang/Object;Ljava/lang/Object;ZZ)Ljava/lang/Object; @ 203 c2
Event: 1.734 Thread 0x0000028642a39000 DEOPT PACKING pc=0x000002863277ea6c sp=0x0000008e9dbfe020
Event: 1.734 Thread 0x0000028642a39000 DEOPT UNPACKING pc=0x000002862acb912f sp=0x0000008e9dbfdfa0 mode 2
Event: 1.768 Thread 0x0000028642ad4000 Uncommon trap: trap_request=0xfffffff4 fr.pc=0x00000286327aabf4 relative=0x0000000000000cf4
Event: 1.768 Thread 0x0000028642ad4000 Uncommon trap: reason=null_check action=make_not_entrant pc=0x00000286327aabf4 method=sun.font.FontDesignMetrics.getMetrics(Ljava/awt/Font;Ljava/awt/font/FontRenderContext;)Lsun/font/FontDesignMetrics; @ 85 c2
Event: 1.768 Thread 0x0000028642ad4000 DEOPT PACKING pc=0x00000286327aabf4 sp=0x0000008e9dcfde70
Event: 1.768 Thread 0x0000028642ad4000 DEOPT UNPACKING pc=0x000002862acb912f sp=0x0000008e9dcfddf8 mode 2

Classes unloaded (0 events):
No events

Classes redefined (0 events):
No events

Internal exceptions (20 events):
Event: 0.575 Thread 0x00000286224e6000 Exception <a 'java/lang/NoSuchMethodError'{0x00000000894b1d80}: 'java.lang.Object java.lang.invoke.DirectMethodHandle$Holder.invokeStaticInit(java.lang.Object, java.lang.Object, java.lang.Object)'> (0x00000000894b1d80) 
thrown [t:/workspace/open/src/hotspot/share/interpreter/linkResolver.cpp, line 766]
Event: 0.603 Thread 0x00000286224e6000 Exception <a 'java/lang/NoSuchMethodError'{0x00000000894e40a0}: 'int java.lang.invoke.DirectMethodHandle$Holder.invokeInterface(java.lang.Object, java.lang.Object)'> (0x00000000894e40a0) 
thrown [t:/workspace/open/src/hotspot/share/interpreter/linkResolver.cpp, line 766]
Event: 0.603 Thread 0x00000286224e6000 Exception <a 'java/lang/IncompatibleClassChangeError'{0x00000000894e6ba8}: Found class java.lang.Object, but interface was expected> (0x00000000894e6ba8) 
thrown [t:/workspace/open/src/hotspot/share/interpreter/linkResolver.cpp, line 832]
Event: 0.715 Thread 0x0000028642002800 Exception <a 'java/lang/VerifyError'{0x00000000893b2cf8}: Stack map does not match the one at exception handler 21
Exception Details:
  Location:
    org/netbeans/lib/profiler/ConstructorTest.<init>()V @21: astore_1
  Reason:
    Current frame's flags are not assignable to stack map frame's.
  Current Frame:
    bci: @0
    flags: { flagThisUninit }
    locals: { uninitializedThis }
    stack: { 'java/lang/Throwable' }
  Stackmap Frame:
    bci: @21
    flags: { }
    locals: { top }
    stack: { 'java/lan
Event: 0.950 Thread 0x0000028642002800 Exception <a 'java/lang/NoSuchMethodError'{0x00000000893df298}: 'java.lang.Object java.lang.invoke.DirectMethodHandle$Holder.invokeStaticInit(java.lang.Object, int, int, int, int)'> (0x00000000893df298) 
thrown [t:/workspace/open/src/hotspot/share/interpreter/linkResolver.cpp, line 766]
Event: 1.005 Thread 0x0000028642002800 Exception <a 'java/lang/NoSuchMethodError'{0x000000008905ea18}: 'java.lang.Object java.lang.invoke.DirectMethodHandle$Holder.invokeStaticInit(java.lang.Object, java.lang.Object, int, int, int, int)'> (0x000000008905ea18) 
thrown [t:/workspace/open/src/hotspot/share/interpreter/linkResolver.cpp, line 766]
Event: 1.011 Thread 0x0000028642002800 Exception <a 'java/lang/NoSuchMethodError'{0x00000000890687f8}: 'java.lang.Object java.lang.invoke.Invokers$Holder.invoke_MT(java.lang.Object, java.lang.Object, java.lang.Object)'> (0x00000000890687f8) 
thrown [t:/workspace/open/src/hotspot/share/interpreter/linkResolver.cpp, line 766]
Event: 1.223 Thread 0x00000286224e6000 Exception <a 'java/lang/ClassNotFoundException'{0x00000000891d7c48}: sun/awt/resources/spi/awtProvider> (0x00000000891d7c48) 
thrown [t:/workspace/open/src/hotspot/share/classfile/systemDictionary.cpp, line 226]
Event: 1.233 Thread 0x00000286224e6000 Exception <a 'java/io/FileNotFoundException'{0x00000000891e6248}> (0x00000000891e6248) 
thrown [t:/workspace/open/src/hotspot/share/prims/jni.cpp, line 599]
Event: 1.249 Thread 0x00000286224e6000 Exception <a 'java/io/FileNotFoundException'{0x0000000088f207d8}> (0x0000000088f207d8) 
thrown [t:/workspace/open/src/hotspot/share/prims/jni.cpp, line 599]
Event: 1.311 Thread 0x0000028642a39000 Exception <a 'java/lang/NoSuchMethodError'{0x0000000088f7b3c0}: 'void java.lang.invoke.DirectMethodHandle$Holder.invokeSpecial(java.lang.Object, java.lang.Object)'> (0x0000000088f7b3c0) 
thrown [t:/workspace/open/src/hotspot/share/interpreter/linkResolver.cpp, line 766]
Event: 1.336 Thread 0x00000286224e6000 Exception <a 'java/lang/NoSuchMethodError'{0x0000000088e1b628}: 'java.lang.Object java.lang.invoke.DirectMethodHandle$Holder.invokeStatic(java.lang.Object, int, java.lang.Object, java.lang.Object, java.lang.Object, java.lang.Object)'> (0x0000000088e1b628) 
thrown [t:/workspace/open/src/hotspot/share/interpreter/linkResolver.cpp, line 766]
Event: 1.336 Thread 0x00000286224e6000 Exception <a 'java/lang/NoSuchMethodError'{0x0000000088e21ca8}: 'java.lang.Object java.lang.invoke.DirectMethodHandle$Holder.invokeStatic(java.lang.Object, int, java.lang.Object, java.lang.Object, java.lang.Object)'> (0x0000000088e21ca8) 
thrown [t:/workspace/open/src/hotspot/share/interpreter/linkResolver.cpp, line 766]
Event: 1.337 Thread 0x00000286224e6000 Exception <a 'java/lang/NoSuchMethodError'{0x0000000088e254f8}: 'java.lang.Object java.lang.invoke.DirectMethodHandle$Holder.invokeSpecial(java.lang.Object, java.lang.Object, int, java.lang.Object, java.lang.Object, java.lang.Object)'> (0x0000000088e254f8) 
thrown [t:/workspace/open/src/hotspot/share/interpreter/linkResolver.cpp, line 766]
Event: 1.340 Thread 0x00000286224e6000 Exception <a 'java/lang/NoSuchMethodError'{0x0000000088e3b8b8}: 'java.lang.Object java.lang.invoke.DirectMethodHandle$Holder.invokeStatic(java.lang.Object, int, java.lang.Object)'> (0x0000000088e3b8b8) 
thrown [t:/workspace/open/src/hotspot/share/interpreter/linkResolver.cpp, line 766]
Event: 1.384 Thread 0x0000028642ad4000 Exception <a 'java/lang/ClassNotFoundException'{0x0000000088d0e900}: com/sun/swing/internal/plaf/metal/resources/spi/metalProvider> (0x0000000088d0e900) 
thrown [t:/workspace/open/src/hotspot/share/classfile/systemDictionary.cpp, line 226]
Event: 1.386 Thread 0x0000028642ad4000 Exception <a 'java/lang/ClassNotFoundException'{0x0000000088d12ca8}: com/sun/swing/internal/plaf/basic/resources/spi/basicProvider> (0x0000000088d12ca8) 
thrown [t:/workspace/open/src/hotspot/share/classfile/systemDictionary.cpp, line 226]
Event: 1.756 Thread 0x0000028642ad4000 Exception <a 'java/lang/NoSuchMethodError'{0x00000000887a8b80}: 'void java.lang.invoke.DirectMethodHandle$Holder.invokeStaticInit(java.lang.Object)'> (0x00000000887a8b80) 
thrown [t:/workspace/open/src/hotspot/share/interpreter/linkResolver.cpp, line 766]
Event: 1.762 Thread 0x0000028642ad4000 Exception <a 'java/lang/NoSuchMethodError'{0x00000000887cf570}: 'java.lang.Object java.lang.invoke.Invokers$Holder.linkToTargetMethod(java.lang.Object, int, java.lang.Object)'> (0x00000000887cf570) 
thrown [t:/workspace/open/src/hotspot/share/interpreter/linkResolver.cpp, line 766]
Event: 1.768 Thread 0x0000028642ad4000 Implicit null exception at 0x00000286327aa1df to 0x00000286327aabe4

Events (20 events):
Event: 1.951 Executing VM operation: GetAllStackTraces done
Event: 1.963 Executing VM operation: GetAllStackTraces
Event: 1.963 Executing VM operation: GetAllStackTraces done
Event: 1.974 Executing VM operation: GetAllStackTraces
Event: 1.975 Executing VM operation: GetAllStackTraces done
Event: 1.986 Executing VM operation: GetAllStackTraces
Event: 1.987 Executing VM operation: GetAllStackTraces done
Event: 1.997 Executing VM operation: GetAllStackTraces
Event: 1.998 Executing VM operation: GetAllStackTraces done
Event: 2.008 Executing VM operation: GetAllStackTraces
Event: 2.009 Executing VM operation: GetAllStackTraces done
Event: 2.016 loading class org/netbeans/lib/profiler/wireprotocol/EventBufferDumpedCommand
Event: 2.017 loading class org/netbeans/lib/profiler/wireprotocol/EventBufferDumpedCommand done
Event: 2.024 Executing VM operation: GetAllStackTraces
Event: 2.025 Executing VM operation: GetAllStackTraces done
Event: 2.026 loading class org/netbeans/lib/profiler/wireprotocol/DumpResultsResponse
Event: 2.026 loading class org/netbeans/lib/profiler/wireprotocol/DumpResultsResponse done
Event: 2.029 loading class org/netbeans/lib/profiler/wireprotocol/GetMethodNamesForJMethodIdsCommand
Event: 2.029 loading class org/netbeans/lib/profiler/wireprotocol/GetMethodNamesForJMethodIdsCommand done
Event: 2.029 Thread 0x0000028642c1b000 Thread exited: 0x0000028642c1b000


Dynamic libraries:
0x00007ff7004e0000 - 0x00007ff7004ed000 	C:\Program Files\Java\jdk-14\bin\java.exe
0x00007ffbaf760000 - 0x00007ffbaf950000 	C:\WINDOWS\SYSTEM32\ntdll.dll
0x00007ffbaeea0000 - 0x00007ffbaef52000 	C:\WINDOWS\System32\KERNEL32.DLL
0x00007ffbad400000 - 0x00007ffbad6a3000 	C:\WINDOWS\System32\KERNELBASE.dll
0x00007ffbad190000 - 0x00007ffbad28a000 	C:\WINDOWS\System32\ucrtbase.dll
0x00007ffb86c20000 - 0x00007ffb86c38000 	C:\Program Files\Java\jdk-14\bin\jli.dll
0x00007ffba3e40000 - 0x00007ffba3e55000 	C:\Program Files\Java\jdk-14\bin\VCRUNTIME140.dll
0x00007ffbae2b0000 - 0x00007ffbae444000 	C:\WINDOWS\System32\USER32.dll
0x00007ffbad6b0000 - 0x00007ffbad6d1000 	C:\WINDOWS\System32\win32u.dll
0x00007ffb922f0000 - 0x00007ffb92575000 	C:\WINDOWS\WinSxS\amd64_microsoft.windows.common-controls_6595b64144ccf1df_6.0.18362.778_none_e6c6b761130d4fb8\COMCTL32.dll
0x00007ffbaee70000 - 0x00007ffbaee96000 	C:\WINDOWS\System32\GDI32.dll
0x00007ffbae0b0000 - 0x00007ffbae14e000 	C:\WINDOWS\System32\msvcrt.dll
0x00007ffbac810000 - 0x00007ffbac9a4000 	C:\WINDOWS\System32\gdi32full.dll
0x00007ffbac6c0000 - 0x00007ffbac75e000 	C:\WINDOWS\System32\msvcp_win.dll
0x00007ffbaf2d0000 - 0x00007ffbaf606000 	C:\WINDOWS\System32\combase.dll
0x00007ffbadc50000 - 0x00007ffbadd70000 	C:\WINDOWS\System32\RPCRT4.dll
0x00007ffbad730000 - 0x00007ffbad7b0000 	C:\WINDOWS\System32\bcryptPrimitives.dll
0x00007ffbaef60000 - 0x00007ffbaef8e000 	C:\WINDOWS\System32\IMM32.DLL
0x00007ffb7e750000 - 0x00007ffb7e7eb000 	C:\Program Files\Java\jdk-14\bin\msvcp140.dll
0x00007ffb32ee0000 - 0x00007ffb339ff000 	C:\Program Files\Java\jdk-14\bin\server\jvm.dll
0x00007ffbaf040000 - 0x00007ffbaf0e3000 	C:\WINDOWS\System32\ADVAPI32.dll
0x00007ffbaf230000 - 0x00007ffbaf2c7000 	C:\WINDOWS\System32\sechost.dll
0x00007ffbae0a0000 - 0x00007ffbae0a8000 	C:\WINDOWS\System32\PSAPI.DLL
0x00007ffbaa420000 - 0x00007ffbaa429000 	C:\WINDOWS\SYSTEM32\WSOCK32.dll
0x00007ffba3550000 - 0x00007ffba355a000 	C:\WINDOWS\SYSTEM32\VERSION.dll
0x00007ffbaf0f0000 - 0x00007ffbaf15f000 	C:\WINDOWS\System32\WS2_32.dll
0x00007ffbaa3f0000 - 0x00007ffbaa414000 	C:\WINDOWS\SYSTEM32\WINMM.dll
0x00007ffbaa2c0000 - 0x00007ffbaa2ed000 	C:\WINDOWS\SYSTEM32\winmmbase.dll
0x00007ffbad6e0000 - 0x00007ffbad72a000 	C:\WINDOWS\System32\cfgmgr32.dll
0x00007ffbac6a0000 - 0x00007ffbac6b1000 	C:\WINDOWS\System32\kernel.appcore.dll
0x00007ffba86f0000 - 0x00007ffba86fa000 	C:\Program Files\Java\jdk-14\bin\jimage.dll
0x00007ffba5fe0000 - 0x00007ffba61d4000 	C:\WINDOWS\SYSTEM32\DBGHELP.DLL
0x00007ffba5530000 - 0x00007ffba555a000 	C:\WINDOWS\SYSTEM32\dbgcore.DLL
0x00007ffba1400000 - 0x00007ffba140f000 	C:\Program Files\NetBeans-11.3\netbeans\profiler\lib\deployed\jdk16\windows-amd64\profilerinterface.dll
0x00007ffba3e10000 - 0x00007ffba3e35000 	C:\Program Files\Java\jdk-14\bin\java.dll
0x00007ffb9f850000 - 0x00007ffb9f867000 	C:\Program Files\Java\jdk-14\bin\zip.dll
0x00007ffbae450000 - 0x00007ffbaeb35000 	C:\WINDOWS\System32\SHELL32.dll
0x00007ffbaedc0000 - 0x00007ffbaee69000 	C:\WINDOWS\System32\shcore.dll
0x00007ffbaca10000 - 0x00007ffbad190000 	C:\WINDOWS\System32\windows.storage.dll
0x00007ffbac650000 - 0x00007ffbac673000 	C:\WINDOWS\System32\profapi.dll
0x00007ffbac600000 - 0x00007ffbac64a000 	C:\WINDOWS\System32\powrprof.dll
0x00007ffbac5f0000 - 0x00007ffbac600000 	C:\WINDOWS\System32\UMPDC.dll
0x00007ffbaf1d0000 - 0x00007ffbaf222000 	C:\WINDOWS\System32\shlwapi.dll
0x00007ffbad3e0000 - 0x00007ffbad3f7000 	C:\WINDOWS\System32\cryptsp.dll
0x00007ffb9f830000 - 0x00007ffb9f849000 	C:\Program Files\Java\jdk-14\bin\net.dll
0x00007ffba1d90000 - 0x00007ffba1e80000 	C:\WINDOWS\SYSTEM32\WINHTTP.dll
0x00007ffbabe00000 - 0x00007ffbabe67000 	C:\WINDOWS\system32\mswsock.dll
0x00007ffb8b150000 - 0x00007ffb8b162000 	C:\Program Files\Java\jdk-14\bin\nio.dll
0x00007ffba6d20000 - 0x00007ffba6d29000 	C:\Program Files\Java\jdk-14\bin\management.dll
0x00007ffba3980000 - 0x00007ffba398b000 	C:\Program Files\Java\jdk-14\bin\management_ext.dll
0x00007ffbab970000 - 0x00007ffbab9a3000 	C:\WINDOWS\system32\rsaenh.dll
0x00007ffbad7b0000 - 0x00007ffbad7d6000 	C:\WINDOWS\System32\bcrypt.dll
0x00007ffbac510000 - 0x00007ffbac535000 	C:\WINDOWS\SYSTEM32\USERENV.dll
0x00007ffbabfd0000 - 0x00007ffbabfdc000 	C:\WINDOWS\SYSTEM32\CRYPTBASE.dll
0x00007ffbabb10000 - 0x00007ffbabb4a000 	C:\WINDOWS\SYSTEM32\IPHLPAPI.DLL
0x00007ffbae090000 - 0x00007ffbae098000 	C:\WINDOWS\System32\NSI.dll
0x00007ffba4600000 - 0x00007ffba4616000 	C:\WINDOWS\SYSTEM32\dhcpcsvc6.DLL
0x00007ffba4f80000 - 0x00007ffba4f9c000 	C:\WINDOWS\SYSTEM32\dhcpcsvc.DLL
0x00007ffbabb50000 - 0x00007ffbabc1a000 	C:\WINDOWS\SYSTEM32\DNSAPI.dll
0x00007ffb798d0000 - 0x00007ffb79a67000 	C:\Program Files\Java\jdk-14\bin\awt.dll
0x00007ffbaeb40000 - 0x00007ffbaec04000 	C:\WINDOWS\System32\OLEAUT32.dll
0x00007ffbaa4f0000 - 0x00007ffbaa57f000 	C:\WINDOWS\SYSTEM32\apphelp.dll
0x00007ffbaa620000 - 0x00007ffbaa6b9000 	C:\WINDOWS\system32\uxtheme.dll
0x00007ffbaec10000 - 0x00007ffbaed46000 	C:\WINDOWS\System32\MSCTF.dll
0x00007ffbae150000 - 0x00007ffbae2a7000 	C:\WINDOWS\System32\ole32.dll
0x00007ffbaaa30000 - 0x00007ffbaaa5d000 	C:\WINDOWS\system32\DWMAPI.DLL
0x00007ffb874f0000 - 0x00007ffb87646000 	C:\WINDOWS\system32\opengl32.dll
0x00007ffb874c0000 - 0x00007ffb874ec000 	C:\WINDOWS\SYSTEM32\GLU32.dll
0x00007ffbab2b0000 - 0x00007ffbab2d0000 	C:\WINDOWS\SYSTEM32\dxcore.dll
0x00007ffb7e6c0000 - 0x00007ffb7e742000 	C:\Program Files\Java\jdk-14\bin\freetype.dll
0x00007ffb7e290000 - 0x00007ffb7e336000 	C:\Program Files\Java\jdk-14\bin\fontmanager.dll
0x00007ffb9ecb0000 - 0x00007ffb9ed4e000 	C:\WINDOWS\System32\TextInputFramework.dll
0x00007ffbaa1e0000 - 0x00007ffbaa2b4000 	C:\WINDOWS\System32\CoreMessaging.dll
0x00007ffba2fe0000 - 0x00007ffba330a000 	C:\WINDOWS\System32\CoreUIComponents.dll
0x00007ffbab630000 - 0x00007ffbab661000 	C:\WINDOWS\SYSTEM32\ntmarta.dll
0x00007ffba8180000 - 0x00007ffba82d3000 	C:\WINDOWS\SYSTEM32\wintypes.dll
0x00007ffb9ef70000 - 0x00007ffb9f216000 	C:\WINDOWS\System32\iertutil.dll

dbghelp: loaded successfully - version: 4.0.5 - missing functions: none
symbol engine: initialized successfully - sym options: 0x614 - pdb path: .;C:\Program Files\Java\jdk-14\bin;C:\WINDOWS\SYSTEM32;C:\WINDOWS\WinSxS\amd64_microsoft.windows.common-controls_6595b64144ccf1df_6.0.18362.778_none_e6c6b761130d4fb8;C:\Program Files\Java\jdk-14\bin\server;C:\Program Files\NetBeans-11.3\netbeans\profiler\lib\deployed\jdk16\windows-amd64

VM Arguments:
jvm_args: -agentpath:C:/Program Files/NetBeans-11.3/netbeans/profiler/lib/deployed/jdk16/windows-amd64/profilerinterface.dll=C:\Program Files\NetBeans-11.3\netbeans\profiler\lib,5140,10 -XX:+HeapDumpOnOutOfMemoryError -XX:HeapDumpPath=C:\Users\niz66\AppData\Local\NetBeans\Cache\11.3\mavencachedirs\661857874\org-netbeans-modules-profiler 
java_command: Views.HomeUI
java_class_path (initial): D:\Documents\OneDrive - University of the West of Scotland\1920_GLA - Software Engineering Practice\Summative Assessment Stage 2 Overview\comparison-app\target\classes;C:\Users\niz66\.m2\repository\com\formdev\flatlaf\0.29\flatlaf-0.29.jar;C:\Users\niz66\.m2\repository\unknown\binary\AbsoluteLayout\SNAPSHOT\AbsoluteLayout-SNAPSHOT.jar
Launcher Type: SUN_STANDARD

[Global flags]
     intx CICompilerCount                          = 4                                         {product} {ergonomic}
     uint ConcGCThreads                            = 2                                         {product} {ergonomic}
     uint G1ConcRefinementThreads                  = 8                                         {product} {ergonomic}
   size_t G1HeapRegionSize                         = 1048576                                   {product} {ergonomic}
    uintx GCDrainStackTargetSize                   = 64                                        {product} {ergonomic}
     bool HeapDumpOnOutOfMemoryError               = true                                   {manageable} {command line}
    ccstr HeapDumpPath                             = C:\Users\niz66\AppData\Local\NetBeans\Cache\11.3\mavencachedirs\661857874\org-netbeans-modules-profiler         {manageable} {command line}
   size_t InitialHeapSize                          = 134217728                                 {product} {ergonomic}
   size_t MarkStackSize                            = 4194304                                   {product} {ergonomic}
   size_t MaxHeapSize                              = 2124414976                                {product} {ergonomic}
   size_t MaxNewSize                               = 1274019840                                {product} {ergonomic}
   size_t MinHeapDeltaBytes                        = 1048576                                   {product} {ergonomic}
   size_t MinHeapSize                              = 8388608                                   {product} {ergonomic}
    uintx NonNMethodCodeHeapSize                   = 5839372                                {pd product} {ergonomic}
    uintx NonProfiledCodeHeapSize                  = 122909434                              {pd product} {ergonomic}
    uintx ProfiledCodeHeapSize                     = 122909434                              {pd product} {ergonomic}
    uintx ReservedCodeCacheSize                    = 251658240                              {pd product} {ergonomic}
     bool SegmentedCodeCache                       = true                                      {product} {ergonomic}
   size_t SoftMaxHeapSize                          = 2124414976                             {manageable} {ergonomic}
     bool UseCompressedClassPointers               = true                                 {lp64_product} {ergonomic}
     bool UseCompressedOops                        = true                                 {lp64_product} {ergonomic}
     bool UseG1GC                                  = true                                      {product} {ergonomic}
     bool UseLargePagesIndividualAllocation        = false                                  {pd product} {ergonomic}

Logging:
Log output configuration:
 #0: stdout all=warning uptime,level,tags
 #1: stderr all=off uptime,level,tags

Environment Variables:
JAVA_HOME=C:\Program Files\Java\jdk-14
PATH=C:\WINDOWS\system32;C:\WINDOWS;C:\WINDOWS\System32\Wbem;C:\WINDOWS\System32\WindowsPowerShell\v1.0\;C:\WINDOWS\System32\OpenSSH\;C:\Program Files\dotnet\;C:\Program Files\Microsoft SQL Server\130\Tools\Binn\;C:\WINDOWS\system32\config\systemprofile\.dnx\bin;C:\Program Files\Microsoft DNX\Dnvm\;C:\Program Files\Microsoft SQL Server\Client SDK\ODBC\170\Tools\Binn\;C:\Program Files\Microsoft SQL Server\Client SDK\ODBC\130\Tools\Binn\;C:\Program Files (x86)\Microsoft SQL Server\140\Tools\Binn\;C:\Program Files\Microsoft SQL Server\140\Tools\Binn\;C:\Program Files\Microsoft SQL Server\140\DTS\Binn\;C:\Program Files (x86)\Microsoft SQL Server\150\DTS\Binn\;C:\Program Files (x86)\dotnet\;C:\Program Files\Git\cmd;C:\Program Files\nodejs\;C:\Users\niz66\AppData\Local\Microsoft\WindowsApps;C:\Users\niz66\AppData\Local\GitHubDesktop\bin;C:\Users\niz66\.dotnet\tools;C:\Users\niz66\AppData\Local\Programs\Microsoft VS Code\bin;C:\Users\niz66\AppData\Roaming\npm;%USERPROFILE%\AppData\Local\Microsoft\WindowsApps;
USERNAME=niz66
OS=Windows_NT
PROCESSOR_IDENTIFIER=Intel64 Family 6 Model 58 Stepping 9, GenuineIntel



---------------  S Y S T E M  ---------------

OS: Windows 10 , 64 bit Build 18362 (10.0.18362.778)
OS uptime: 4 days 16:34 hours

CPU:total 8 (initial active 8) (4 cores per cpu, 2 threads per core) family 6 model 58 stepping 9, cmov, cx8, fxsr, mmx, sse, sse2, sse3, ssse3, sse4.1, sse4.2, popcnt, avx, aes, clmul, erms, ht, tsc, tscinvbit, tscinv

Memory: 4k page, system-wide physical 8096M (1799M free)
TotalPageFile size 20896M (AvailPageFile size 10926M)
current process WorkingSet (physical memory assigned to process): 99M, peak: 99M
current process commit charge ("private bytes"): 247M, peak: 250M

vm_info: OpenJDK 64-Bit Server VM (14+36-1461) for windows-amd64 JRE (14+36-1461), built on Feb  6 2020 19:03:18 by "mach5one" with MS VC++ 15.9 (VS2017)

END.
