#
# A fatal error has been detected by the Java Runtime Environment:
#
#  EXCEPTION_ACCESS_VIOLATION (0xc0000005) at pc=0x00007ffb3348bfdb, pid=14440, tid=5780
#
# JRE version: OpenJDK Runtime Environment (14.0+36) (build 14+36-1461)
# Java VM: OpenJDK 64-Bit Server VM (14+36-1461, mixed mode, sharing, tiered, compressed oops, g1 gc, windows-amd64)
# Problematic frame:
# V  [jvm.dll+0x5abfdb]
#
# No core dump will be written. Minidumps are not enabled by default on client versions of Windows
#
# If you would like to submit a bug report, please visit:
#   https://bugreport.java.com/bugreport/crash.jsp
#

---------------  S U M M A R Y ------------

Command Line: -agentpath:C:/Program Files/NetBeans-11.3/netbeans/profiler/lib/deployed/jdk16/windows-amd64/profilerinterface.dll=C:\Program Files\NetBeans-11.3\netbeans\profiler\lib,5140,10 -XX:+HeapDumpOnOutOfMemoryError -XX:HeapDumpPath=C:\Users\niz66\AppData\Local\NetBeans\Cache\11.3\mavencachedirs\661857874\org-netbeans-modules-profiler Views.HomeUI

Host: Intel(R) Core(TM) i7-3610QM CPU @ 2.30GHz, 8 cores, 7G,  Windows 10 , 64 bit Build 18362 (10.0.18362.778)
Time: Tue Apr 21 16:28:20 2020 GMT Daylight Time elapsed time: 2 seconds (0d 0h 0m 2s)

---------------  T H R E A D  ---------------

Current thread (0x000001bb16f77000):  JavaThread "*** Profiler Agent Communication Thread" daemon [_thread_in_vm, id=5780, stack(0x000000044fc00000,0x000000044fd00000)]

Stack: [0x000000044fc00000,0x000000044fd00000],  sp=0x000000044fcfeda0,  free space=1019k
Native frames: (J=compiled Java code, j=interpreted, Vv=VM code, C=native code)
V  [jvm.dll+0x5abfdb]
V  [jvm.dll+0x463e5b]
C  [profilerinterface.dll+0x34da]

Java frames: (J=compiled Java code, j=interpreted, Vv=VM code)
j  org.netbeans.lib.profiler.server.system.Stacks.getMethodNamesForJMethodIds(I[I[I)[B+0
j  org.netbeans.lib.profiler.server.ProfilerInterface.getMethodNamesForJMethodIds([I)Lorg/netbeans/lib/profiler/wireprotocol/MethodNamesResponse;+20
j  org.netbeans.lib.profiler.server.ProfilerServer.handleClientCommand(Lorg/netbeans/lib/profiler/wireprotocol/Command;)V+691
j  org.netbeans.lib.profiler.server.ProfilerServer.listenToClient()V+48
j  org.netbeans.lib.profiler.server.ProfilerServer.run()V+22
v  ~StubRoutines::call_stub

siginfo: EXCEPTION_ACCESS_VIOLATION (0xc0000005), reading address 0x00000000179adf00


Register to memory mapping:

RIP=0x00007ffb3348bfdb jvm.dll
RAX=0x000000044fcfed01 is pointing into the stack for thread: 0x000001bb16f77000
RBX=0x000001bb16f77000 is a thread
RCX=0x00000000179adf00 is an unknown value
RDX=0x000001bb16f77000 is a thread
RSP=0x000000044fcfeda0 is pointing into the stack for thread: 0x000001bb16f77000
RBP=0x00000000179adf00 is an unknown value
RSI=0x000000044fcfeec0 is pointing into the stack for thread: 0x000001bb16f77000
RDI=0x000001bb75216fb0 points into unknown readable memory: 00 03 8b 33 fb 7f 00 00
R8 =0x000000044fcfeec0 is pointing into the stack for thread: 0x000001bb16f77000
R9 =0x0000000000000001 is an unknown value
R10=0x0 is NULL
R11=0x000000044fcfed98 is pointing into the stack for thread: 0x000001bb16f77000
R12=0x000001bb19a513e0 points into unknown readable memory: 00 df 9a 17 80 11 bb 17
R13=0x0000000000000186 is an unknown value
R14=0x00007ffba14f9c68 profilerinterface.dll
R15=0x00007ffba14f9a60 profilerinterface.dll


Registers:
RAX=0x000000044fcfed01, RBX=0x000001bb16f77000, RCX=0x00000000179adf00, RDX=0x000001bb16f77000
RSP=0x000000044fcfeda0, RBP=0x00000000179adf00, RSI=0x000000044fcfeec0, RDI=0x000001bb75216fb0
R8 =0x000000044fcfeec0, R9 =0x0000000000000001, R10=0x0000000000000000, R11=0x000000044fcfed98
R12=0x000001bb19a513e0, R13=0x0000000000000186, R14=0x00007ffba14f9c68, R15=0x00007ffba14f9a60
RIP=0x00007ffb3348bfdb, EFLAGS=0x0000000000010206

Top of Stack: (sp=0x000000044fcfeda0)
0x000000044fcfeda0:   0000000000000186 0000000000000000
0x000000044fcfedb0:   0000000089074800 00007ffb33270207
0x000000044fcfedc0:   000001bb16f77000 00007ffb33343e5b
0x000000044fcfedd0:   0000000000000186 000001bb16f77000
0x000000044fcfede0:   000001bb16f77310 00007ffbae0c9da0
0x000000044fcfedf0:   000001bb16f77000 0000000000000000
0x000000044fcfee00:   0000000000000000 0000000000000000
0x000000044fcfee10:   00000000179adf00 00007ffba14f34da
0x000000044fcfee20:   0000000000000000 000001bb16f77310
0x000000044fcfee30:   0000000000000893 000000044fcfef70
0x000000044fcfee40:   000001bb19a513e0 00007ffb33219c97
0x000000044fcfee50:   000000044fcfee70 000001bb16f056c0
0x000000044fcfee60:   00000000001532bb 000001bb0005ff44
0x000000044fcfee70:   000001bb16832a88 000001bb16f77000
0x000000044fcfee80:   000001bb16f77000 000001bb16832a88
0x000000044fcfee90:   0000000000000000 000000000000037d 

Instructions: (pc=0x00007ffb3348bfdb)
0x00007ffb3348bedb:   e8 c0 89 c4 ff 33 db c6 05 a9 39 47 00 01 eb 67
0x00007ffb3348beeb:   48 8b 54 24 20 45 33 c0 48 8b 05 3e e1 42 00 48
0x00007ffb3348befb:   83 c2 18 48 8b cf ff d0 48 85 c0 74 20 48 8b 44
0x00007ffb3348bf0b:   24 20 48 8b d7 48 8b 48 08 48 8b 41 08 48 8b 48
0x00007ffb3348bf1b:   18 48 8b 89 98 00 00 00 e8 68 fa ff ff 80 3d 3b
0x00007ffb3348bf2b:   52 49 00 00 74 18 48 8b 4c 24 20 48 8b d3 e8 42
0x00007ffb3348bf3b:   2b 00 00 48 83 7b 08 00 74 04 33 db eb 09 48 8b
0x00007ffb3348bf4b:   44 24 20 48 8b 58 18 48 8d 4c 24 20 e8 34 76 d5
0x00007ffb3348bf5b:   ff 48 8b 7c 24 40 48 8b c3 48 83 c4 30 5b c3 cc
0x00007ffb3348bf6b:   cc cc cc cc cc 48 8b 51 08 4c 8b c1 48 8b 42 08
0x00007ffb3348bf7b:   0f b6 52 24 c0 ea 06 48 8b 48 18 8b 81 a4 00 00
0x00007ffb3348bf8b:   00 f6 c2 01 75 27 48 85 c9 74 14 8b c8 c1 e9 09
0x00007ffb3348bf9b:   f6 c1 01 74 0a 41 f7 40 20 02 04 00 00 74 0e 41
0x00007ffb3348bfab:   8b 48 20 0b c8 f6 c1 10 74 03 b0 01 c3 41 83 78
0x00007ffb3348bfbb:   24 fe 0f 94 c0 c3 cc cc cc cc cc cc cc cc cc cc
0x00007ffb3348bfcb:   cc cc cc cc cc 40 53 48 83 ec 20 48 85 c9 74 24
0x00007ffb3348bfdb:   48 8b 19 48 85 db 74 1c 48 83 fb 37 74 16 48 8b
0x00007ffb3348bfeb:   13 48 8b cb ff 52 10 84 c0 74 09 48 8b c3 48 83
0x00007ffb3348bffb:   c4 20 5b c3 33 c0 48 83 c4 20 5b c3 cc cc cc cc
0x00007ffb3348c00b:   cc cc cc cc cc 40 53 55 41 56 41 57 48 83 ec 28
0x00007ffb3348c01b:   48 8b 41 08 33 ed 4c 8b f1 48 8b 50 08 4c 8b 7a
0x00007ffb3348c02b:   18 49 8b 9f 80 01 00 00 48 85 db 0f 84 d5 00 00
0x00007ffb3348c03b:   00 8b 15 aa 2e 4e 00 65 48 8b 04 25 58 00 00 00
0x00007ffb3348c04b:   48 89 74 24 50 4c 89 64 24 60 4c 89 6c 24 20 41
0x00007ffb3348c05b:   bd ff ff 00 00 4c 8d 24 d0 41 b8 08 00 00 00 48
0x00007ffb3348c06b:   89 7c 24 58 90 49 8b 56 08 48 8b 73 10 0f b7 42
0x00007ffb3348c07b:   2a 66 39 43 08 75 6c 0f b7 42 2c 66 39 43 0a 75
0x00007ffb3348c08b:   62 48 63 4b 04 0f b6 03 88 44 11 38 49 8b 04 24
0x00007ffb3348c09b:   41 8b c8 48 8b 3c 01 49 8b ce 48 8b d7 e8 b3 11
0x00007ffb3348c0ab:   bf ff 48 83 7f 08 00 75 0a 48 85 c0 74 05 66 44
0x00007ffb3348c0bb:   01 68 16 48 85 ed 74 14 48 8b cb 48 89 75 10 e8
0x00007ffb3348c0cb:   21 69 af ff 41 b8 08 00 00 00 eb 1a 48 8b cb 49 


Stack slot to memory mapping:
stack at sp + 0 slots: 0x0000000000000186 is an unknown value
stack at sp + 1 slots: 0x0 is NULL
stack at sp + 2 slots: 0x0000000089074800 is an oop: [I 
{0x0000000089074800} - klass: {type array int}
 - length: 390
stack at sp + 3 slots: 0x00007ffb33270207 jvm.dll
stack at sp + 4 slots: 0x000001bb16f77000 is a thread
stack at sp + 5 slots: 0x00007ffb33343e5b jvm.dll
stack at sp + 6 slots: 0x0000000000000186 is an unknown value
stack at sp + 7 slots: 0x000001bb16f77000 is a thread


---------------  P R O C E S S  ---------------

Threads class SMR info:
_java_thread_list=0x000001bb17cead00, length=21, elements={
0x000001bb1649f000, 0x000001bb164a0800, 0x000001bb164be800, 0x000001bb164c1800,
0x000001bb164c3800, 0x000001bb164d1800, 0x000001bb16e00800, 0x000001bb164d9000,
0x000001bb16f4c800, 0x000001bb16f77000, 0x000001bb16ff9000, 0x000001bb16ffc000,
0x000001bb1795a000, 0x000001bb17943800, 0x000001bb17980800, 0x000001bb17981800,
0x000001bb179a7800, 0x000001bb17bba800, 0x000001bb17a21000, 0x000001bb17a27000,
0x000001bb18920800
}

Java Threads: ( => current thread )
  0x000001bb1649f000 JavaThread "Reference Handler" daemon [_thread_blocked, id=1048, stack(0x000000044f300000,0x000000044f400000)]
  0x000001bb164a0800 JavaThread "Finalizer" daemon [_thread_blocked, id=4408, stack(0x000000044f400000,0x000000044f500000)]
  0x000001bb164be800 JavaThread "Signal Dispatcher" daemon [_thread_blocked, id=16340, stack(0x000000044f500000,0x000000044f600000)]
  0x000001bb164c1800 JavaThread "Attach Listener" daemon [_thread_blocked, id=15628, stack(0x000000044f600000,0x000000044f700000)]
  0x000001bb164c3800 JavaThread "Service Thread" daemon [_thread_blocked, id=17728, stack(0x000000044f700000,0x000000044f800000)]
  0x000001bb164d1800 JavaThread "C2 CompilerThread0" daemon [_thread_blocked, id=12124, stack(0x000000044f800000,0x000000044f900000)]
  0x000001bb16e00800 JavaThread "C1 CompilerThread0" daemon [_thread_blocked, id=4924, stack(0x000000044f900000,0x000000044fa00000)]
  0x000001bb164d9000 JavaThread "Sweeper thread" daemon [_thread_blocked, id=5140, stack(0x000000044fa00000,0x000000044fb00000)]
  0x000001bb16f4c800 JavaThread "Common-Cleaner" daemon [_thread_blocked, id=6152, stack(0x000000044fb00000,0x000000044fc00000)]
=>0x000001bb16f77000 JavaThread "*** Profiler Agent Communication Thread" daemon [_thread_in_vm, id=5780, stack(0x000000044fc00000,0x000000044fd00000)]
  0x000001bb16ff9000 JavaThread "*** JFluid Monitor thread ***" daemon [_thread_blocked, id=10296, stack(0x000000044fd00000,0x000000044fe00000)]
  0x000001bb16ffc000 JavaThread "*** Profiler Agent Special Execution Thread 6" daemon [_thread_blocked, id=16272, stack(0x000000044fe00000,0x000000044ff00000)]
  0x000001bb1795a000 JavaThread "*** Profiler Agent Special Execution Thread 10" daemon [_thread_blocked, id=5404, stack(0x0000000450000000,0x0000000450100000)]
  0x000001bb17943800 JavaThread "Notification Thread" daemon [_thread_blocked, id=13348, stack(0x000000044ff00000,0x0000000450000000)]
  0x000001bb17980800 JavaThread "Java2D Disposer" daemon [_thread_blocked, id=17344, stack(0x0000000450200000,0x0000000450300000)]
  0x000001bb17981800 JavaThread "AWT-Shutdown" [_thread_blocked, id=16312, stack(0x0000000450300000,0x0000000450400000)]
  0x000001bb179a7800 JavaThread "AWT-Windows" daemon [_thread_in_native, id=11208, stack(0x0000000450400000,0x0000000450500000)]
  0x000001bb17bba800 JavaThread "AWT-EventQueue-0" [_thread_blocked, id=20612, stack(0x0000000450500000,0x0000000450600000)]
  0x000001bb17a21000 JavaThread "DestroyJavaVM" [_thread_blocked, id=13768, stack(0x000000044ec00000,0x000000044ed00000)]
  0x000001bb17a27000 JavaThread "Image Fetcher 0" daemon [_thread_blocked, id=17472, stack(0x0000000450600000,0x0000000450700000)]
  0x000001bb18920800 JavaThread "C2 CompilerThread1" daemon [_thread_blocked, id=7496, stack(0x0000000450700000,0x0000000450800000)]

Other Threads:
  0x000001bb1649b000 VMThread "VM Thread" [stack: 0x000000044f200000,0x000000044f300000] [id=12212] _threads_hazard_ptr=0x000001bb17cead00
  0x000001bb179b9800 WatcherThread [stack: 0x0000000450100000,0x0000000450200000] [id=5620]
  0x000001bb77392000 GCTaskThread "GC Thread#0" [stack: 0x000000044ed00000,0x000000044ee00000] [id=13412]
  0x000001bb773a3000 ConcurrentGCThread "G1 Main Marker" [stack: 0x000000044ee00000,0x000000044ef00000] [id=17940]
  0x000001bb773a6000 ConcurrentGCThread "G1 Conc#0" [stack: 0x000000044ef00000,0x000000044f000000] [id=12660]
  0x000001bb7741e000 ConcurrentGCThread "G1 Refine#0" [stack: 0x000000044f000000,0x000000044f100000] [id=17908]
  0x000001bb16308800 ConcurrentGCThread "G1 Young RemSet Sampling" [stack: 0x000000044f100000,0x000000044f200000] [id=17708]

Threads with active compile tasks:
C1 CompilerThread0     2091 1183   !   3       sun.nio.ch.NativeThreadSet::add (155 bytes)

VM state:synchronizing (normal execution)

VM Mutex/Monitor currently owned by a thread:  ([mutex/lock_event])
[0x000001bb77351910] Threads_lock - owner thread: 0x000001bb1649b000

Heap address: 0x0000000081600000, size: 2026 MB, Compressed Oops mode: 32-bit
Narrow klass base: 0x0000000800000000, Narrow klass shift: 3
Compressed class space size: 1073741824 Address: 0x0000000800b30000

Heap:
 garbage-first heap   total 131072K, used 16384K [0x0000000081600000, 0x0000000100000000)
  region size 1024K, 14 young (14336K), 0 survivors (0K)
 Metaspace       used 10816K, capacity 11180K, committed 11392K, reserved 1058816K
  class space    used 1231K, capacity 1394K, committed 1408K, reserved 1048576K
Heap Regions: E=young(eden), S=young(survivor), O=old, HS=humongous(starts), HC=humongous(continues), CS=collection set, F=free, OA=open archive, CA=closed archive, TAMS=top-at-mark-start (previous, next)
|   0|0x0000000081600000, 0x0000000081700000, 0x0000000081700000|100%|HS|  |TAMS 0x0000000081600000, 0x0000000081600000| Complete 
|   1|0x0000000081700000, 0x0000000081800000, 0x0000000081800000|100%|HC|  |TAMS 0x0000000081700000, 0x0000000081700000| Complete 
|   2|0x0000000081800000, 0x0000000081900000, 0x0000000081900000|100%|HS|  |TAMS 0x0000000081800000, 0x0000000081800000| Complete 
|   3|0x0000000081900000, 0x0000000081a00000, 0x0000000081a00000|100%|HC|  |TAMS 0x0000000081900000, 0x0000000081900000| Complete 
|   4|0x0000000081a00000, 0x0000000081a00000, 0x0000000081b00000|  0%| F|  |TAMS 0x0000000081a00000, 0x0000000081a00000| Untracked 
|   5|0x0000000081b00000, 0x0000000081b00000, 0x0000000081c00000|  0%| F|  |TAMS 0x0000000081b00000, 0x0000000081b00000| Untracked 
|   6|0x0000000081c00000, 0x0000000081c00000, 0x0000000081d00000|  0%| F|  |TAMS 0x0000000081c00000, 0x0000000081c00000| Untracked 
|   7|0x0000000081d00000, 0x0000000081d00000, 0x0000000081e00000|  0%| F|  |TAMS 0x0000000081d00000, 0x0000000081d00000| Untracked 
|   8|0x0000000081e00000, 0x0000000081e00000, 0x0000000081f00000|  0%| F|  |TAMS 0x0000000081e00000, 0x0000000081e00000| Untracked 
|   9|0x0000000081f00000, 0x0000000081f00000, 0x0000000082000000|  0%| F|  |TAMS 0x0000000081f00000, 0x0000000081f00000| Untracked 
|  10|0x0000000082000000, 0x0000000082000000, 0x0000000082100000|  0%| F|  |TAMS 0x0000000082000000, 0x0000000082000000| Untracked 
|  11|0x0000000082100000, 0x0000000082100000, 0x0000000082200000|  0%| F|  |TAMS 0x0000000082100000, 0x0000000082100000| Untracked 
|  12|0x0000000082200000, 0x0000000082200000, 0x0000000082300000|  0%| F|  |TAMS 0x0000000082200000, 0x0000000082200000| Untracked 
|  13|0x0000000082300000, 0x0000000082300000, 0x0000000082400000|  0%| F|  |TAMS 0x0000000082300000, 0x0000000082300000| Untracked 
|  14|0x0000000082400000, 0x0000000082400000, 0x0000000082500000|  0%| F|  |TAMS 0x0000000082400000, 0x0000000082400000| Untracked 
|  15|0x0000000082500000, 0x0000000082500000, 0x0000000082600000|  0%| F|  |TAMS 0x0000000082500000, 0x0000000082500000| Untracked 
|  16|0x0000000082600000, 0x0000000082600000, 0x0000000082700000|  0%| F|  |TAMS 0x0000000082600000, 0x0000000082600000| Untracked 
|  17|0x0000000082700000, 0x0000000082700000, 0x0000000082800000|  0%| F|  |TAMS 0x0000000082700000, 0x0000000082700000| Untracked 
|  18|0x0000000082800000, 0x0000000082800000, 0x0000000082900000|  0%| F|  |TAMS 0x0000000082800000, 0x0000000082800000| Untracked 
|  19|0x0000000082900000, 0x0000000082900000, 0x0000000082a00000|  0%| F|  |TAMS 0x0000000082900000, 0x0000000082900000| Untracked 
|  20|0x0000000082a00000, 0x0000000082a00000, 0x0000000082b00000|  0%| F|  |TAMS 0x0000000082a00000, 0x0000000082a00000| Untracked 
|  21|0x0000000082b00000, 0x0000000082b00000, 0x0000000082c00000|  0%| F|  |TAMS 0x0000000082b00000, 0x0000000082b00000| Untracked 
|  22|0x0000000082c00000, 0x0000000082c00000, 0x0000000082d00000|  0%| F|  |TAMS 0x0000000082c00000, 0x0000000082c00000| Untracked 
|  23|0x0000000082d00000, 0x0000000082d00000, 0x0000000082e00000|  0%| F|  |TAMS 0x0000000082d00000, 0x0000000082d00000| Untracked 
|  24|0x0000000082e00000, 0x0000000082e00000, 0x0000000082f00000|  0%| F|  |TAMS 0x0000000082e00000, 0x0000000082e00000| Untracked 
|  25|0x0000000082f00000, 0x0000000082f00000, 0x0000000083000000|  0%| F|  |TAMS 0x0000000082f00000, 0x0000000082f00000| Untracked 
|  26|0x0000000083000000, 0x0000000083000000, 0x0000000083100000|  0%| F|  |TAMS 0x0000000083000000, 0x0000000083000000| Untracked 
|  27|0x0000000083100000, 0x0000000083100000, 0x0000000083200000|  0%| F|  |TAMS 0x0000000083100000, 0x0000000083100000| Untracked 
|  28|0x0000000083200000, 0x0000000083200000, 0x0000000083300000|  0%| F|  |TAMS 0x0000000083200000, 0x0000000083200000| Untracked 
|  29|0x0000000083300000, 0x0000000083300000, 0x0000000083400000|  0%| F|  |TAMS 0x0000000083300000, 0x0000000083300000| Untracked 
|  30|0x0000000083400000, 0x0000000083400000, 0x0000000083500000|  0%| F|  |TAMS 0x0000000083400000, 0x0000000083400000| Untracked 
|  31|0x0000000083500000, 0x0000000083500000, 0x0000000083600000|  0%| F|  |TAMS 0x0000000083500000, 0x0000000083500000| Untracked 
|  32|0x0000000083600000, 0x0000000083600000, 0x0000000083700000|  0%| F|  |TAMS 0x0000000083600000, 0x0000000083600000| Untracked 
|  33|0x0000000083700000, 0x0000000083700000, 0x0000000083800000|  0%| F|  |TAMS 0x0000000083700000, 0x0000000083700000| Untracked 
|  34|0x0000000083800000, 0x0000000083800000, 0x0000000083900000|  0%| F|  |TAMS 0x0000000083800000, 0x0000000083800000| Untracked 
|  35|0x0000000083900000, 0x0000000083900000, 0x0000000083a00000|  0%| F|  |TAMS 0x0000000083900000, 0x0000000083900000| Untracked 
|  36|0x0000000083a00000, 0x0000000083a00000, 0x0000000083b00000|  0%| F|  |TAMS 0x0000000083a00000, 0x0000000083a00000| Untracked 
|  37|0x0000000083b00000, 0x0000000083b00000, 0x0000000083c00000|  0%| F|  |TAMS 0x0000000083b00000, 0x0000000083b00000| Untracked 
|  38|0x0000000083c00000, 0x0000000083c00000, 0x0000000083d00000|  0%| F|  |TAMS 0x0000000083c00000, 0x0000000083c00000| Untracked 
|  39|0x0000000083d00000, 0x0000000083d00000, 0x0000000083e00000|  0%| F|  |TAMS 0x0000000083d00000, 0x0000000083d00000| Untracked 
|  40|0x0000000083e00000, 0x0000000083e00000, 0x0000000083f00000|  0%| F|  |TAMS 0x0000000083e00000, 0x0000000083e00000| Untracked 
|  41|0x0000000083f00000, 0x0000000083f00000, 0x0000000084000000|  0%| F|  |TAMS 0x0000000083f00000, 0x0000000083f00000| Untracked 
|  42|0x0000000084000000, 0x0000000084000000, 0x0000000084100000|  0%| F|  |TAMS 0x0000000084000000, 0x0000000084000000| Untracked 
|  43|0x0000000084100000, 0x0000000084100000, 0x0000000084200000|  0%| F|  |TAMS 0x0000000084100000, 0x0000000084100000| Untracked 
|  44|0x0000000084200000, 0x0000000084200000, 0x0000000084300000|  0%| F|  |TAMS 0x0000000084200000, 0x0000000084200000| Untracked 
|  45|0x0000000084300000, 0x0000000084300000, 0x0000000084400000|  0%| F|  |TAMS 0x0000000084300000, 0x0000000084300000| Untracked 
|  46|0x0000000084400000, 0x0000000084400000, 0x0000000084500000|  0%| F|  |TAMS 0x0000000084400000, 0x0000000084400000| Untracked 
|  47|0x0000000084500000, 0x0000000084500000, 0x0000000084600000|  0%| F|  |TAMS 0x0000000084500000, 0x0000000084500000| Untracked 
|  48|0x0000000084600000, 0x0000000084600000, 0x0000000084700000|  0%| F|  |TAMS 0x0000000084600000, 0x0000000084600000| Untracked 
|  49|0x0000000084700000, 0x0000000084700000, 0x0000000084800000|  0%| F|  |TAMS 0x0000000084700000, 0x0000000084700000| Untracked 
|  50|0x0000000084800000, 0x0000000084800000, 0x0000000084900000|  0%| F|  |TAMS 0x0000000084800000, 0x0000000084800000| Untracked 
|  51|0x0000000084900000, 0x0000000084900000, 0x0000000084a00000|  0%| F|  |TAMS 0x0000000084900000, 0x0000000084900000| Untracked 
|  52|0x0000000084a00000, 0x0000000084a00000, 0x0000000084b00000|  0%| F|  |TAMS 0x0000000084a00000, 0x0000000084a00000| Untracked 
|  53|0x0000000084b00000, 0x0000000084b00000, 0x0000000084c00000|  0%| F|  |TAMS 0x0000000084b00000, 0x0000000084b00000| Untracked 
|  54|0x0000000084c00000, 0x0000000084c00000, 0x0000000084d00000|  0%| F|  |TAMS 0x0000000084c00000, 0x0000000084c00000| Untracked 
|  55|0x0000000084d00000, 0x0000000084d00000, 0x0000000084e00000|  0%| F|  |TAMS 0x0000000084d00000, 0x0000000084d00000| Untracked 
|  56|0x0000000084e00000, 0x0000000084e00000, 0x0000000084f00000|  0%| F|  |TAMS 0x0000000084e00000, 0x0000000084e00000| Untracked 
|  57|0x0000000084f00000, 0x0000000084f00000, 0x0000000085000000|  0%| F|  |TAMS 0x0000000084f00000, 0x0000000084f00000| Untracked 
|  58|0x0000000085000000, 0x0000000085000000, 0x0000000085100000|  0%| F|  |TAMS 0x0000000085000000, 0x0000000085000000| Untracked 
|  59|0x0000000085100000, 0x0000000085100000, 0x0000000085200000|  0%| F|  |TAMS 0x0000000085100000, 0x0000000085100000| Untracked 
|  60|0x0000000085200000, 0x0000000085200000, 0x0000000085300000|  0%| F|  |TAMS 0x0000000085200000, 0x0000000085200000| Untracked 
|  61|0x0000000085300000, 0x0000000085300000, 0x0000000085400000|  0%| F|  |TAMS 0x0000000085300000, 0x0000000085300000| Untracked 
|  62|0x0000000085400000, 0x0000000085400000, 0x0000000085500000|  0%| F|  |TAMS 0x0000000085400000, 0x0000000085400000| Untracked 
|  63|0x0000000085500000, 0x0000000085500000, 0x0000000085600000|  0%| F|  |TAMS 0x0000000085500000, 0x0000000085500000| Untracked 
|  64|0x0000000085600000, 0x0000000085600000, 0x0000000085700000|  0%| F|  |TAMS 0x0000000085600000, 0x0000000085600000| Untracked 
|  65|0x0000000085700000, 0x0000000085700000, 0x0000000085800000|  0%| F|  |TAMS 0x0000000085700000, 0x0000000085700000| Untracked 
|  66|0x0000000085800000, 0x0000000085800000, 0x0000000085900000|  0%| F|  |TAMS 0x0000000085800000, 0x0000000085800000| Untracked 
|  67|0x0000000085900000, 0x0000000085900000, 0x0000000085a00000|  0%| F|  |TAMS 0x0000000085900000, 0x0000000085900000| Untracked 
|  68|0x0000000085a00000, 0x0000000085a00000, 0x0000000085b00000|  0%| F|  |TAMS 0x0000000085a00000, 0x0000000085a00000| Untracked 
|  69|0x0000000085b00000, 0x0000000085b00000, 0x0000000085c00000|  0%| F|  |TAMS 0x0000000085b00000, 0x0000000085b00000| Untracked 
|  70|0x0000000085c00000, 0x0000000085c00000, 0x0000000085d00000|  0%| F|  |TAMS 0x0000000085c00000, 0x0000000085c00000| Untracked 
|  71|0x0000000085d00000, 0x0000000085d00000, 0x0000000085e00000|  0%| F|  |TAMS 0x0000000085d00000, 0x0000000085d00000| Untracked 
|  72|0x0000000085e00000, 0x0000000085e00000, 0x0000000085f00000|  0%| F|  |TAMS 0x0000000085e00000, 0x0000000085e00000| Untracked 
|  73|0x0000000085f00000, 0x0000000085f00000, 0x0000000086000000|  0%| F|  |TAMS 0x0000000085f00000, 0x0000000085f00000| Untracked 
|  74|0x0000000086000000, 0x0000000086000000, 0x0000000086100000|  0%| F|  |TAMS 0x0000000086000000, 0x0000000086000000| Untracked 
|  75|0x0000000086100000, 0x0000000086100000, 0x0000000086200000|  0%| F|  |TAMS 0x0000000086100000, 0x0000000086100000| Untracked 
|  76|0x0000000086200000, 0x0000000086200000, 0x0000000086300000|  0%| F|  |TAMS 0x0000000086200000, 0x0000000086200000| Untracked 
|  77|0x0000000086300000, 0x0000000086300000, 0x0000000086400000|  0%| F|  |TAMS 0x0000000086300000, 0x0000000086300000| Untracked 
|  78|0x0000000086400000, 0x0000000086400000, 0x0000000086500000|  0%| F|  |TAMS 0x0000000086400000, 0x0000000086400000| Untracked 
|  79|0x0000000086500000, 0x0000000086500000, 0x0000000086600000|  0%| F|  |TAMS 0x0000000086500000, 0x0000000086500000| Untracked 
|  80|0x0000000086600000, 0x0000000086600000, 0x0000000086700000|  0%| F|  |TAMS 0x0000000086600000, 0x0000000086600000| Untracked 
|  81|0x0000000086700000, 0x0000000086700000, 0x0000000086800000|  0%| F|  |TAMS 0x0000000086700000, 0x0000000086700000| Untracked 
|  82|0x0000000086800000, 0x0000000086800000, 0x0000000086900000|  0%| F|  |TAMS 0x0000000086800000, 0x0000000086800000| Untracked 
|  83|0x0000000086900000, 0x0000000086900000, 0x0000000086a00000|  0%| F|  |TAMS 0x0000000086900000, 0x0000000086900000| Untracked 
|  84|0x0000000086a00000, 0x0000000086a00000, 0x0000000086b00000|  0%| F|  |TAMS 0x0000000086a00000, 0x0000000086a00000| Untracked 
|  85|0x0000000086b00000, 0x0000000086b00000, 0x0000000086c00000|  0%| F|  |TAMS 0x0000000086b00000, 0x0000000086b00000| Untracked 
|  86|0x0000000086c00000, 0x0000000086c00000, 0x0000000086d00000|  0%| F|  |TAMS 0x0000000086c00000, 0x0000000086c00000| Untracked 
|  87|0x0000000086d00000, 0x0000000086d00000, 0x0000000086e00000|  0%| F|  |TAMS 0x0000000086d00000, 0x0000000086d00000| Untracked 
|  88|0x0000000086e00000, 0x0000000086e00000, 0x0000000086f00000|  0%| F|  |TAMS 0x0000000086e00000, 0x0000000086e00000| Untracked 
|  89|0x0000000086f00000, 0x0000000086f00000, 0x0000000087000000|  0%| F|  |TAMS 0x0000000086f00000, 0x0000000086f00000| Untracked 
|  90|0x0000000087000000, 0x0000000087000000, 0x0000000087100000|  0%| F|  |TAMS 0x0000000087000000, 0x0000000087000000| Untracked 
|  91|0x0000000087100000, 0x0000000087100000, 0x0000000087200000|  0%| F|  |TAMS 0x0000000087100000, 0x0000000087100000| Untracked 
|  92|0x0000000087200000, 0x0000000087200000, 0x0000000087300000|  0%| F|  |TAMS 0x0000000087200000, 0x0000000087200000| Untracked 
|  93|0x0000000087300000, 0x0000000087300000, 0x0000000087400000|  0%| F|  |TAMS 0x0000000087300000, 0x0000000087300000| Untracked 
|  94|0x0000000087400000, 0x0000000087400000, 0x0000000087500000|  0%| F|  |TAMS 0x0000000087400000, 0x0000000087400000| Untracked 
|  95|0x0000000087500000, 0x0000000087500000, 0x0000000087600000|  0%| F|  |TAMS 0x0000000087500000, 0x0000000087500000| Untracked 
|  96|0x0000000087600000, 0x0000000087600000, 0x0000000087700000|  0%| F|  |TAMS 0x0000000087600000, 0x0000000087600000| Untracked 
|  97|0x0000000087700000, 0x0000000087700000, 0x0000000087800000|  0%| F|  |TAMS 0x0000000087700000, 0x0000000087700000| Untracked 
|  98|0x0000000087800000, 0x0000000087800000, 0x0000000087900000|  0%| F|  |TAMS 0x0000000087800000, 0x0000000087800000| Untracked 
|  99|0x0000000087900000, 0x0000000087900000, 0x0000000087a00000|  0%| F|  |TAMS 0x0000000087900000, 0x0000000087900000| Untracked 
| 100|0x0000000087a00000, 0x0000000087a00000, 0x0000000087b00000|  0%| F|  |TAMS 0x0000000087a00000, 0x0000000087a00000| Untracked 
| 101|0x0000000087b00000, 0x0000000087b00000, 0x0000000087c00000|  0%| F|  |TAMS 0x0000000087b00000, 0x0000000087b00000| Untracked 
| 102|0x0000000087c00000, 0x0000000087c00000, 0x0000000087d00000|  0%| F|  |TAMS 0x0000000087c00000, 0x0000000087c00000| Untracked 
| 103|0x0000000087d00000, 0x0000000087d00000, 0x0000000087e00000|  0%| F|  |TAMS 0x0000000087d00000, 0x0000000087d00000| Untracked 
| 104|0x0000000087e00000, 0x0000000087e00000, 0x0000000087f00000|  0%| F|  |TAMS 0x0000000087e00000, 0x0000000087e00000| Untracked 
| 105|0x0000000087f00000, 0x0000000087f00000, 0x0000000088000000|  0%| F|  |TAMS 0x0000000087f00000, 0x0000000087f00000| Untracked 
| 106|0x0000000088000000, 0x0000000088000000, 0x0000000088100000|  0%| F|  |TAMS 0x0000000088000000, 0x0000000088000000| Untracked 
| 107|0x0000000088100000, 0x0000000088100000, 0x0000000088200000|  0%| F|  |TAMS 0x0000000088100000, 0x0000000088100000| Untracked 
| 108|0x0000000088200000, 0x0000000088200000, 0x0000000088300000|  0%| F|  |TAMS 0x0000000088200000, 0x0000000088200000| Untracked 
| 109|0x0000000088300000, 0x0000000088300000, 0x0000000088400000|  0%| F|  |TAMS 0x0000000088300000, 0x0000000088300000| Untracked 
| 110|0x0000000088400000, 0x0000000088400000, 0x0000000088500000|  0%| F|  |TAMS 0x0000000088400000, 0x0000000088400000| Untracked 
| 111|0x0000000088500000, 0x0000000088500000, 0x0000000088600000|  0%| F|  |TAMS 0x0000000088500000, 0x0000000088500000| Untracked 
| 112|0x0000000088600000, 0x0000000088600000, 0x0000000088700000|  0%| F|  |TAMS 0x0000000088600000, 0x0000000088600000| Untracked 
| 113|0x0000000088700000, 0x0000000088700000, 0x0000000088800000|  0%| F|  |TAMS 0x0000000088700000, 0x0000000088700000| Untracked 
| 114|0x0000000088800000, 0x00000000888774b0, 0x0000000088900000| 46%| E|  |TAMS 0x0000000088800000, 0x0000000088800000| Complete 
| 115|0x0000000088900000, 0x0000000088a00000, 0x0000000088a00000|100%| E|CS|TAMS 0x0000000088900000, 0x0000000088900000| Complete 
| 116|0x0000000088a00000, 0x0000000088b00000, 0x0000000088b00000|100%| E|CS|TAMS 0x0000000088a00000, 0x0000000088a00000| Complete 
| 117|0x0000000088b00000, 0x0000000088c00000, 0x0000000088c00000|100%| E|CS|TAMS 0x0000000088b00000, 0x0000000088b00000| Complete 
| 118|0x0000000088c00000, 0x0000000088d00000, 0x0000000088d00000|100%| E|  |TAMS 0x0000000088c00000, 0x0000000088c00000| Complete 
| 119|0x0000000088d00000, 0x0000000088e00000, 0x0000000088e00000|100%| E|CS|TAMS 0x0000000088d00000, 0x0000000088d00000| Complete 
| 120|0x0000000088e00000, 0x0000000088f00000, 0x0000000088f00000|100%| E|CS|TAMS 0x0000000088e00000, 0x0000000088e00000| Complete 
| 121|0x0000000088f00000, 0x0000000089000000, 0x0000000089000000|100%| E|CS|TAMS 0x0000000088f00000, 0x0000000088f00000| Complete 
| 122|0x0000000089000000, 0x0000000089100000, 0x0000000089100000|100%| E|CS|TAMS 0x0000000089000000, 0x0000000089000000| Complete 
| 123|0x0000000089100000, 0x0000000089200000, 0x0000000089200000|100%| E|CS|TAMS 0x0000000089100000, 0x0000000089100000| Complete 
| 124|0x0000000089200000, 0x0000000089300000, 0x0000000089300000|100%| E|CS|TAMS 0x0000000089200000, 0x0000000089200000| Complete 
| 125|0x0000000089300000, 0x0000000089400000, 0x0000000089400000|100%| E|CS|TAMS 0x0000000089300000, 0x0000000089300000| Complete 
| 126|0x0000000089400000, 0x0000000089500000, 0x0000000089500000|100%| E|CS|TAMS 0x0000000089400000, 0x0000000089400000| Complete 
| 127|0x0000000089500000, 0x0000000089600000, 0x0000000089600000|100%| E|CS|TAMS 0x0000000089500000, 0x0000000089500000| Complete 

Card table byte_map: [0x000001bb0f400000,0x000001bb0f800000] _byte_map_base: 0x000001bb0eff5000

Marking Bits (Prev, Next): (CMBitMap*) 0x000001bb773927c8, (CMBitMap*) 0x000001bb77392808
 Prev Bits: [0x000001bb0fc00000, 0x000001bb11ba8000)
 Next Bits: [0x000001bb11bb0000, 0x000001bb13b58000)

Polling page: 0x000001bb75360000

Metaspace:

Usage:
  Non-class:      9.56 MB capacity,     9.36 MB ( 98%) used,   171.30 KB (  2%) free+waste,    30.19 KB ( <1%) overhead. 
      Class:      1.36 MB capacity,     1.20 MB ( 88%) used,   144.16 KB ( 10%) free+waste,    18.13 KB (  1%) overhead. 
       Both:     10.92 MB capacity,    10.56 MB ( 97%) used,   315.46 KB (  3%) free+waste,    48.31 KB ( <1%) overhead. 

Virtual space:
  Non-class space:       10.00 MB reserved,       9.75 MB ( 98%) committed 
      Class space:        1.00 GB reserved,       1.38 MB ( <1%) committed 
             Both:        1.01 GB reserved,      11.13 MB (  1%) committed 

Chunk freelists:
   Non-Class:  6.00 KB
       Class:  14.00 KB
        Both:  20.00 KB

MaxMetaspaceSize: 17179869184.00 GB
CompressedClassSpaceSize: 1.00 GB

CodeHeap 'non-profiled nmethods': size=120000Kb used=371Kb max_used=371Kb free=119628Kb
 bounds [0x000001bb07ad0000, 0x000001bb07d40000, 0x000001bb0f000000]
CodeHeap 'profiled nmethods': size=120000Kb used=2120Kb max_used=2120Kb free=117880Kb
 bounds [0x000001bb005a0000, 0x000001bb00810000, 0x000001bb07ad0000]
CodeHeap 'non-nmethods': size=5760Kb used=1285Kb max_used=1313Kb free=4474Kb
 bounds [0x000001bb00000000, 0x000001bb00270000, 0x000001bb005a0000]
 total_blobs=2236 nmethods=1182 adapters=491
 compilation: enabled
              stopped_count=0, restarted_count=0
 full_count=0

Compilation events (20 events):
Event: 2.025 Thread 0x000001bb16e00800 1156       3       java.nio.channels.spi.AbstractInterruptibleChannel::isOpen (13 bytes)
Event: 2.025 Thread 0x000001bb16e00800 nmethod 1156 0x000001bb007a8b10 code [0x000001bb007a8ca0, 0x000001bb007a8e18]
Event: 2.025 Thread 0x000001bb16e00800 1157       3       java.nio.channels.spi.AbstractInterruptibleChannel::blockedOn (10 bytes)
Event: 2.025 Thread 0x000001bb16e00800 nmethod 1157 0x000001bb007a8e90 code [0x000001bb007a9060, 0x000001bb007a9518]
Event: 2.025 Thread 0x000001bb16e00800 1158       3       java.lang.System$2::blockedOn (5 bytes)
Event: 2.025 Thread 0x000001bb16e00800 nmethod 1158 0x000001bb007a9710 code [0x000001bb007a98c0, 0x000001bb007a9c98]
Event: 2.025 Thread 0x000001bb16e00800 1159   !   3       java.lang.Thread::blockedOn (27 bytes)
Event: 2.026 Thread 0x000001bb16e00800 nmethod 1159 0x000001bb007a9e10 code [0x000001bb007a9fc0, 0x000001bb007aa2f8]
Event: 2.026 Thread 0x000001bb16e00800 1160       3       java.io.Bits::getInt (43 bytes)
Event: 2.026 Thread 0x000001bb16e00800 nmethod 1160 0x000001bb007aa410 code [0x000001bb007aa5a0, 0x000001bb007aa738]
Event: 2.026 Thread 0x000001bb16e00800 1162       3       java.io.ObjectInputStream$BlockDataInputStream::readInt (73 bytes)
Event: 2.026 Thread 0x000001bb16e00800 nmethod 1162 0x000001bb007aa890 code [0x000001bb007aaa60, 0x000001bb007aad08]
Event: 2.026 Thread 0x000001bb16e00800 1161       3       java.io.ObjectInputStream::readInt (8 bytes)
Event: 2.026 Thread 0x000001bb16e00800 nmethod 1161 0x000001bb007aae10 code [0x000001bb007aafc0, 0x000001bb007ab128]
Event: 2.026 Thread 0x000001bb16e00800 1163       3       jdk.internal.misc.Unsafe::checkPointer (19 bytes)
Event: 2.026 Thread 0x000001bb16e00800 nmethod 1163 0x000001bb007ab210 code [0x000001bb007ab3e0, 0x000001bb007ab7a8]
Event: 2.026 Thread 0x000001bb16e00800 1164       3       java.lang.String::toLowerCase (8 bytes)
Event: 2.027 Thread 0x000001bb16e00800 nmethod 1164 0x000001bb007ab910 code [0x000001bb007abae0, 0x000001bb007abe78]
Event: 2.027 Thread 0x000001bb16e00800 1165       3       java.util.HashMap$ValueIterator::next (8 bytes)
Event: 2.027 Thread 0x000001bb16e00800 nmethod 1165 0x000001bb007abf90 code [0x000001bb007ac140, 0x000001bb007ac288]

GC Heap History (0 events):
No events

Deoptimization events (20 events):
Event: 1.931 Thread 0x000001bb17a27000 DEOPT PACKING pc=0x000001bb0074558d sp=0x00000004506feb50
Event: 1.931 Thread 0x000001bb17a27000 DEOPT UNPACKING pc=0x000001bb0004964e sp=0x00000004506fdfc0 mode 0
Event: 1.931 Thread 0x000001bb17a27000 DEOPT PACKING pc=0x000001bb0074558d sp=0x00000004506feb50
Event: 1.931 Thread 0x000001bb17a27000 DEOPT UNPACKING pc=0x000001bb0004964e sp=0x00000004506fdfc0 mode 0
Event: 1.931 Thread 0x000001bb17a27000 DEOPT PACKING pc=0x000001bb00760b60 sp=0x00000004506febd0
Event: 1.931 Thread 0x000001bb17a27000 DEOPT UNPACKING pc=0x000001bb0004964e sp=0x00000004506fe240 mode 0
Event: 1.931 Thread 0x000001bb17a27000 DEOPT PACKING pc=0x000001bb00760b60 sp=0x00000004506febd0
Event: 1.931 Thread 0x000001bb17a27000 DEOPT UNPACKING pc=0x000001bb0004964e sp=0x00000004506fe240 mode 0
Event: 1.932 Thread 0x000001bb17a27000 DEOPT PACKING pc=0x000001bb00760b60 sp=0x00000004506febd0
Event: 1.932 Thread 0x000001bb17a27000 DEOPT UNPACKING pc=0x000001bb0004964e sp=0x00000004506fe240 mode 0
Event: 1.932 Thread 0x000001bb17a27000 DEOPT PACKING pc=0x000001bb00760b60 sp=0x00000004506febd0
Event: 1.932 Thread 0x000001bb17a27000 DEOPT UNPACKING pc=0x000001bb0004964e sp=0x00000004506fe240 mode 0
Event: 1.933 Thread 0x000001bb17a27000 DEOPT PACKING pc=0x000001bb00760b60 sp=0x00000004506febd0
Event: 1.933 Thread 0x000001bb17a27000 DEOPT UNPACKING pc=0x000001bb0004964e sp=0x00000004506fe240 mode 0
Event: 1.933 Thread 0x000001bb17a27000 DEOPT PACKING pc=0x000001bb00760b60 sp=0x00000004506febd0
Event: 1.933 Thread 0x000001bb17a27000 DEOPT UNPACKING pc=0x000001bb0004964e sp=0x00000004506fe240 mode 0
Event: 1.982 Thread 0x000001bb17bba800 Uncommon trap: trap_request=0xffffff45 fr.pc=0x000001bb07ae0580 relative=0x00000000000002c0
Event: 1.982 Thread 0x000001bb17bba800 Uncommon trap: reason=unstable_if action=reinterpret pc=0x000001bb07ae0580 method=java.lang.StringUTF16.compress([CI[BII)I @ 20 c2
Event: 1.982 Thread 0x000001bb17bba800 DEOPT PACKING pc=0x000001bb07ae0580 sp=0x00000004505fd480
Event: 1.982 Thread 0x000001bb17bba800 DEOPT UNPACKING pc=0x000001bb0004912f sp=0x00000004505fd400 mode 2

Classes unloaded (0 events):
No events

Classes redefined (0 events):
No events

Internal exceptions (18 events):
Event: 0.545 Thread 0x000001bb77355800 Exception <a 'java/lang/NoSuchMethodError'{0x00000000894b2148}: 'java.lang.Object java.lang.invoke.DirectMethodHandle$Holder.invokeStaticInit(java.lang.Object, java.lang.Object, java.lang.Object)'> (0x00000000894b2148) 
thrown [t:/workspace/open/src/hotspot/share/interpreter/linkResolver.cpp, line 766]
Event: 0.564 Thread 0x000001bb77355800 Exception <a 'java/lang/NoSuchMethodError'{0x00000000894e4468}: 'int java.lang.invoke.DirectMethodHandle$Holder.invokeInterface(java.lang.Object, java.lang.Object)'> (0x00000000894e4468) 
thrown [t:/workspace/open/src/hotspot/share/interpreter/linkResolver.cpp, line 766]
Event: 0.564 Thread 0x000001bb77355800 Exception <a 'java/lang/IncompatibleClassChangeError'{0x00000000894e6f70}: Found class java.lang.Object, but interface was expected> (0x00000000894e6f70) 
thrown [t:/workspace/open/src/hotspot/share/interpreter/linkResolver.cpp, line 832]
Event: 0.721 Thread 0x000001bb16f77000 Exception <a 'java/lang/VerifyError'{0x00000000893b29a8}: Stack map does not match the one at exception handler 21
Exception Details:
  Location:
    org/netbeans/lib/profiler/ConstructorTest.<init>()V @21: astore_1
  Reason:
    Current frame's flags are not assignable to stack map frame's.
  Current Frame:
    bci: @0
    flags: { flagThisUninit }
    locals: { uninitializedThis }
    stack: { 'java/lang/Throwable' }
  Stackmap Frame:
    bci: @21
    flags: { }
    locals: { top }
    stack: { 'java/lan
Event: 0.938 Thread 0x000001bb16f77000 Exception <a 'java/lang/NoSuchMethodError'{0x00000000893deec0}: 'java.lang.Object java.lang.invoke.DirectMethodHandle$Holder.invokeStaticInit(java.lang.Object, int, int, int, int)'> (0x00000000893deec0) 
thrown [t:/workspace/open/src/hotspot/share/interpreter/linkResolver.cpp, line 766]
Event: 0.983 Thread 0x000001bb16f77000 Exception <a 'java/lang/NoSuchMethodError'{0x000000008905e010}: 'java.lang.Object java.lang.invoke.DirectMethodHandle$Holder.invokeStaticInit(java.lang.Object, java.lang.Object, int, int, int, int)'> (0x000000008905e010) 
thrown [t:/workspace/open/src/hotspot/share/interpreter/linkResolver.cpp, line 766]
Event: 0.989 Thread 0x000001bb16f77000 Exception <a 'java/lang/NoSuchMethodError'{0x0000000089067eb0}: 'java.lang.Object java.lang.invoke.Invokers$Holder.invoke_MT(java.lang.Object, java.lang.Object, java.lang.Object)'> (0x0000000089067eb0) 
thrown [t:/workspace/open/src/hotspot/share/interpreter/linkResolver.cpp, line 766]
Event: 1.210 Thread 0x000001bb77355800 Exception <a 'java/lang/ClassNotFoundException'{0x00000000891d7c60}: sun/awt/resources/spi/awtProvider> (0x00000000891d7c60) 
thrown [t:/workspace/open/src/hotspot/share/classfile/systemDictionary.cpp, line 226]
Event: 1.224 Thread 0x000001bb77355800 Exception <a 'java/io/FileNotFoundException'{0x00000000891e2a08}> (0x00000000891e2a08) 
thrown [t:/workspace/open/src/hotspot/share/prims/jni.cpp, line 599]
Event: 1.238 Thread 0x000001bb77355800 Exception <a 'java/io/FileNotFoundException'{0x0000000088f1d070}> (0x0000000088f1d070) 
thrown [t:/workspace/open/src/hotspot/share/prims/jni.cpp, line 599]
Event: 1.288 Thread 0x000001bb179a7800 Exception <a 'java/lang/NoSuchMethodError'{0x0000000088f7b0b8}: 'void java.lang.invoke.DirectMethodHandle$Holder.invokeSpecial(java.lang.Object, java.lang.Object)'> (0x0000000088f7b0b8) 
thrown [t:/workspace/open/src/hotspot/share/interpreter/linkResolver.cpp, line 766]
Event: 1.312 Thread 0x000001bb77355800 Exception <a 'java/lang/NoSuchMethodError'{0x0000000088e17d88}: 'java.lang.Object java.lang.invoke.DirectMethodHandle$Holder.invokeStatic(java.lang.Object, int, java.lang.Object, java.lang.Object, java.lang.Object, java.lang.Object)'> (0x0000000088e17d88) 
thrown [t:/workspace/open/src/hotspot/share/interpreter/linkResolver.cpp, line 766]
Event: 1.312 Thread 0x000001bb77355800 Exception <a 'java/lang/NoSuchMethodError'{0x0000000088e1e408}: 'java.lang.Object java.lang.invoke.DirectMethodHandle$Holder.invokeStatic(java.lang.Object, int, java.lang.Object, java.lang.Object, java.lang.Object)'> (0x0000000088e1e408) 
thrown [t:/workspace/open/src/hotspot/share/interpreter/linkResolver.cpp, line 766]
Event: 1.313 Thread 0x000001bb77355800 Exception <a 'java/lang/NoSuchMethodError'{0x0000000088e21c58}: 'java.lang.Object java.lang.invoke.DirectMethodHandle$Holder.invokeSpecial(java.lang.Object, java.lang.Object, int, java.lang.Object, java.lang.Object, java.lang.Object)'> (0x0000000088e21c58) 
thrown [t:/workspace/open/src/hotspot/share/interpreter/linkResolver.cpp, line 766]
Event: 1.315 Thread 0x000001bb77355800 Exception <a 'java/lang/NoSuchMethodError'{0x0000000088e38018}: 'java.lang.Object java.lang.invoke.DirectMethodHandle$Holder.invokeStatic(java.lang.Object, int, java.lang.Object)'> (0x0000000088e38018) 
thrown [t:/workspace/open/src/hotspot/share/interpreter/linkResolver.cpp, line 766]
Event: 1.368 Thread 0x000001bb17bba800 Exception <a 'java/lang/ClassNotFoundException'{0x0000000088efa858}: com/sun/swing/internal/plaf/metal/resources/spi/metalProvider> (0x0000000088efa858) 
thrown [t:/workspace/open/src/hotspot/share/classfile/systemDictionary.cpp, line 226]
Event: 1.369 Thread 0x000001bb17bba800 Exception <a 'java/lang/ClassNotFoundException'{0x0000000088efec00}: com/sun/swing/internal/plaf/basic/resources/spi/basicProvider> (0x0000000088efec00) 
thrown [t:/workspace/open/src/hotspot/share/classfile/systemDictionary.cpp, line 226]
Event: 1.375 Thread 0x000001bb17bba800 Implicit null exception at 0x000001bb07aed2af to 0x000001bb07aed32d

Events (20 events):
Event: 2.014 loading class sun/font/TrueTypeFont$1 done
Event: 2.014 loading class org/netbeans/lib/profiler/wireprotocol/EventBufferDumpedCommand done
Event: 2.015 loading class java/nio/ByteBufferAsIntBufferB
Event: 2.015 loading class java/nio/ByteBufferAsIntBufferB done
Event: 2.015 loading class sun/font/TrueTypeFont$DirectoryEntry
Event: 2.015 loading class sun/font/TrueTypeFont$DirectoryEntry done
Event: 2.015 loading class java/nio/ByteBufferAsShortBufferB
Event: 2.015 loading class java/nio/ShortBuffer
Event: 2.015 loading class java/nio/ShortBuffer done
Event: 2.015 loading class java/nio/ByteBufferAsShortBufferB done
Event: 2.016 loading class sun/nio/cs/UTF_16$Decoder
Event: 2.016 loading class sun/nio/cs/UnicodeDecoder
Event: 2.016 loading class sun/nio/cs/UnicodeDecoder done
Event: 2.016 loading class sun/nio/cs/UTF_16$Decoder done
Event: 2.020 loading class org/netbeans/lib/profiler/wireprotocol/DumpResultsResponse
Event: 2.020 loading class org/netbeans/lib/profiler/wireprotocol/DumpResultsResponse done
Event: 2.025 loading class org/netbeans/lib/profiler/wireprotocol/GetMethodNamesForJMethodIdsCommand
Event: 2.025 loading class org/netbeans/lib/profiler/wireprotocol/GetMethodNamesForJMethodIdsCommand done
Event: 2.026 loading class sun/font/SunFontManager$4
Event: 2.027 loading class sun/font/SunFontManager$4 done


Dynamic libraries:
0x00007ff7004e0000 - 0x00007ff7004ed000 	C:\Program Files\Java\jdk-14\bin\java.exe
0x00007ffbaf760000 - 0x00007ffbaf950000 	C:\WINDOWS\SYSTEM32\ntdll.dll
0x00007ffbaeea0000 - 0x00007ffbaef52000 	C:\WINDOWS\System32\KERNEL32.DLL
0x00007ffbad400000 - 0x00007ffbad6a3000 	C:\WINDOWS\System32\KERNELBASE.dll
0x00007ffbad190000 - 0x00007ffbad28a000 	C:\WINDOWS\System32\ucrtbase.dll
0x00007ffb86c20000 - 0x00007ffb86c38000 	C:\Program Files\Java\jdk-14\bin\jli.dll
0x00007ffba3e40000 - 0x00007ffba3e55000 	C:\Program Files\Java\jdk-14\bin\VCRUNTIME140.dll
0x00007ffbae2b0000 - 0x00007ffbae444000 	C:\WINDOWS\System32\USER32.dll
0x00007ffb922f0000 - 0x00007ffb92575000 	C:\WINDOWS\WinSxS\amd64_microsoft.windows.common-controls_6595b64144ccf1df_6.0.18362.778_none_e6c6b761130d4fb8\COMCTL32.dll
0x00007ffbad6b0000 - 0x00007ffbad6d1000 	C:\WINDOWS\System32\win32u.dll
0x00007ffbae0b0000 - 0x00007ffbae14e000 	C:\WINDOWS\System32\msvcrt.dll
0x00007ffbaee70000 - 0x00007ffbaee96000 	C:\WINDOWS\System32\GDI32.dll
0x00007ffbaf2d0000 - 0x00007ffbaf606000 	C:\WINDOWS\System32\combase.dll
0x00007ffbac810000 - 0x00007ffbac9a4000 	C:\WINDOWS\System32\gdi32full.dll
0x00007ffbadc50000 - 0x00007ffbadd70000 	C:\WINDOWS\System32\RPCRT4.dll
0x00007ffbac6c0000 - 0x00007ffbac75e000 	C:\WINDOWS\System32\msvcp_win.dll
0x00007ffbad730000 - 0x00007ffbad7b0000 	C:\WINDOWS\System32\bcryptPrimitives.dll
0x00007ffbaef60000 - 0x00007ffbaef8e000 	C:\WINDOWS\System32\IMM32.DLL
0x00007ffb7e750000 - 0x00007ffb7e7eb000 	C:\Program Files\Java\jdk-14\bin\msvcp140.dll
0x00007ffb32ee0000 - 0x00007ffb339ff000 	C:\Program Files\Java\jdk-14\bin\server\jvm.dll
0x00007ffbaf040000 - 0x00007ffbaf0e3000 	C:\WINDOWS\System32\ADVAPI32.dll
0x00007ffbaf230000 - 0x00007ffbaf2c7000 	C:\WINDOWS\System32\sechost.dll
0x00007ffbae0a0000 - 0x00007ffbae0a8000 	C:\WINDOWS\System32\PSAPI.DLL
0x00007ffbaa420000 - 0x00007ffbaa429000 	C:\WINDOWS\SYSTEM32\WSOCK32.dll
0x00007ffbaa3f0000 - 0x00007ffbaa414000 	C:\WINDOWS\SYSTEM32\WINMM.dll
0x00007ffba3550000 - 0x00007ffba355a000 	C:\WINDOWS\SYSTEM32\VERSION.dll
0x00007ffbaf0f0000 - 0x00007ffbaf15f000 	C:\WINDOWS\System32\WS2_32.dll
0x00007ffbaa2c0000 - 0x00007ffbaa2ed000 	C:\WINDOWS\SYSTEM32\winmmbase.dll
0x00007ffbad6e0000 - 0x00007ffbad72a000 	C:\WINDOWS\System32\cfgmgr32.dll
0x00007ffbac6a0000 - 0x00007ffbac6b1000 	C:\WINDOWS\System32\kernel.appcore.dll
0x00007ffba86f0000 - 0x00007ffba86fa000 	C:\Program Files\Java\jdk-14\bin\jimage.dll
0x00007ffba5fe0000 - 0x00007ffba61d4000 	C:\WINDOWS\SYSTEM32\DBGHELP.DLL
0x00007ffba5530000 - 0x00007ffba555a000 	C:\WINDOWS\SYSTEM32\dbgcore.DLL
0x00007ffba14f0000 - 0x00007ffba14ff000 	C:\Program Files\NetBeans-11.3\netbeans\profiler\lib\deployed\jdk16\windows-amd64\profilerinterface.dll
0x00007ffba3e10000 - 0x00007ffba3e35000 	C:\Program Files\Java\jdk-14\bin\java.dll
0x00007ffb9f850000 - 0x00007ffb9f867000 	C:\Program Files\Java\jdk-14\bin\zip.dll
0x00007ffbae450000 - 0x00007ffbaeb35000 	C:\WINDOWS\System32\SHELL32.dll
0x00007ffbaedc0000 - 0x00007ffbaee69000 	C:\WINDOWS\System32\shcore.dll
0x00007ffbaca10000 - 0x00007ffbad190000 	C:\WINDOWS\System32\windows.storage.dll
0x00007ffbac650000 - 0x00007ffbac673000 	C:\WINDOWS\System32\profapi.dll
0x00007ffbac600000 - 0x00007ffbac64a000 	C:\WINDOWS\System32\powrprof.dll
0x00007ffbac5f0000 - 0x00007ffbac600000 	C:\WINDOWS\System32\UMPDC.dll
0x00007ffbaf1d0000 - 0x00007ffbaf222000 	C:\WINDOWS\System32\shlwapi.dll
0x00007ffbad3e0000 - 0x00007ffbad3f7000 	C:\WINDOWS\System32\cryptsp.dll
0x00007ffb9f830000 - 0x00007ffb9f849000 	C:\Program Files\Java\jdk-14\bin\net.dll
0x00007ffba1d90000 - 0x00007ffba1e80000 	C:\WINDOWS\SYSTEM32\WINHTTP.dll
0x00007ffbabe00000 - 0x00007ffbabe67000 	C:\WINDOWS\system32\mswsock.dll
0x00007ffb8b150000 - 0x00007ffb8b162000 	C:\Program Files\Java\jdk-14\bin\nio.dll
0x00007ffba6d20000 - 0x00007ffba6d29000 	C:\Program Files\Java\jdk-14\bin\management.dll
0x00007ffba3980000 - 0x00007ffba398b000 	C:\Program Files\Java\jdk-14\bin\management_ext.dll
0x00007ffbab970000 - 0x00007ffbab9a3000 	C:\WINDOWS\system32\rsaenh.dll
0x00007ffbad7b0000 - 0x00007ffbad7d6000 	C:\WINDOWS\System32\bcrypt.dll
0x00007ffbac510000 - 0x00007ffbac535000 	C:\WINDOWS\SYSTEM32\USERENV.dll
0x00007ffbabfd0000 - 0x00007ffbabfdc000 	C:\WINDOWS\SYSTEM32\CRYPTBASE.dll
0x00007ffbabb10000 - 0x00007ffbabb4a000 	C:\WINDOWS\SYSTEM32\IPHLPAPI.DLL
0x00007ffbae090000 - 0x00007ffbae098000 	C:\WINDOWS\System32\NSI.dll
0x00007ffba4600000 - 0x00007ffba4616000 	C:\WINDOWS\SYSTEM32\dhcpcsvc6.DLL
0x00007ffba4f80000 - 0x00007ffba4f9c000 	C:\WINDOWS\SYSTEM32\dhcpcsvc.DLL
0x00007ffbabb50000 - 0x00007ffbabc1a000 	C:\WINDOWS\SYSTEM32\DNSAPI.dll
0x00007ffb798d0000 - 0x00007ffb79a67000 	C:\Program Files\Java\jdk-14\bin\awt.dll
0x00007ffbaeb40000 - 0x00007ffbaec04000 	C:\WINDOWS\System32\OLEAUT32.dll
0x00007ffbaa4f0000 - 0x00007ffbaa57f000 	C:\WINDOWS\SYSTEM32\apphelp.dll
0x00007ffbaa620000 - 0x00007ffbaa6b9000 	C:\WINDOWS\system32\uxtheme.dll
0x00007ffbaec10000 - 0x00007ffbaed46000 	C:\WINDOWS\System32\MSCTF.dll
0x00007ffbae150000 - 0x00007ffbae2a7000 	C:\WINDOWS\System32\ole32.dll
0x00007ffbaaa30000 - 0x00007ffbaaa5d000 	C:\WINDOWS\system32\DWMAPI.DLL
0x00007ffb874f0000 - 0x00007ffb87646000 	C:\WINDOWS\system32\opengl32.dll
0x00007ffb874c0000 - 0x00007ffb874ec000 	C:\WINDOWS\SYSTEM32\GLU32.dll
0x00007ffbab2b0000 - 0x00007ffbab2d0000 	C:\WINDOWS\SYSTEM32\dxcore.dll
0x00007ffb7e6c0000 - 0x00007ffb7e742000 	C:\Program Files\Java\jdk-14\bin\freetype.dll
0x00007ffb7e290000 - 0x00007ffb7e336000 	C:\Program Files\Java\jdk-14\bin\fontmanager.dll

dbghelp: loaded successfully - version: 4.0.5 - missing functions: none
symbol engine: initialized successfully - sym options: 0x614 - pdb path: .;C:\Program Files\Java\jdk-14\bin;C:\WINDOWS\SYSTEM32;C:\WINDOWS\WinSxS\amd64_microsoft.windows.common-controls_6595b64144ccf1df_6.0.18362.778_none_e6c6b761130d4fb8;C:\Program Files\Java\jdk-14\bin\server;C:\Program Files\NetBeans-11.3\netbeans\profiler\lib\deployed\jdk16\windows-amd64

VM Arguments:
jvm_args: -agentpath:C:/Program Files/NetBeans-11.3/netbeans/profiler/lib/deployed/jdk16/windows-amd64/profilerinterface.dll=C:\Program Files\NetBeans-11.3\netbeans\profiler\lib,5140,10 -XX:+HeapDumpOnOutOfMemoryError -XX:HeapDumpPath=C:\Users\niz66\AppData\Local\NetBeans\Cache\11.3\mavencachedirs\661857874\org-netbeans-modules-profiler 
java_command: Views.HomeUI
java_class_path (initial): D:\Documents\OneDrive - University of the West of Scotland\1920_GLA - Software Engineering Practice\Summative Assessment Stage 2 Overview\comparison-app\target\classes;C:\Users\niz66\.m2\repository\com\formdev\flatlaf\0.29\flatlaf-0.29.jar;C:\Users\niz66\.m2\repository\unknown\binary\AbsoluteLayout\SNAPSHOT\AbsoluteLayout-SNAPSHOT.jar
Launcher Type: SUN_STANDARD

[Global flags]
     intx CICompilerCount                          = 4                                         {product} {ergonomic}
     uint ConcGCThreads                            = 2                                         {product} {ergonomic}
     uint G1ConcRefinementThreads                  = 8                                         {product} {ergonomic}
   size_t G1HeapRegionSize                         = 1048576                                   {product} {ergonomic}
    uintx GCDrainStackTargetSize                   = 64                                        {product} {ergonomic}
     bool HeapDumpOnOutOfMemoryError               = true                                   {manageable} {command line}
    ccstr HeapDumpPath                             = C:\Users\niz66\AppData\Local\NetBeans\Cache\11.3\mavencachedirs\661857874\org-netbeans-modules-profiler         {manageable} {command line}
   size_t InitialHeapSize                          = 134217728                                 {product} {ergonomic}
   size_t MarkStackSize                            = 4194304                                   {product} {ergonomic}
   size_t MaxHeapSize                              = 2124414976                                {product} {ergonomic}
   size_t MaxNewSize                               = 1274019840                                {product} {ergonomic}
   size_t MinHeapDeltaBytes                        = 1048576                                   {product} {ergonomic}
   size_t MinHeapSize                              = 8388608                                   {product} {ergonomic}
    uintx NonNMethodCodeHeapSize                   = 5839372                                {pd product} {ergonomic}
    uintx NonProfiledCodeHeapSize                  = 122909434                              {pd product} {ergonomic}
    uintx ProfiledCodeHeapSize                     = 122909434                              {pd product} {ergonomic}
    uintx ReservedCodeCacheSize                    = 251658240                              {pd product} {ergonomic}
     bool SegmentedCodeCache                       = true                                      {product} {ergonomic}
   size_t SoftMaxHeapSize                          = 2124414976                             {manageable} {ergonomic}
     bool UseCompressedClassPointers               = true                                 {lp64_product} {ergonomic}
     bool UseCompressedOops                        = true                                 {lp64_product} {ergonomic}
     bool UseG1GC                                  = true                                      {product} {ergonomic}
     bool UseLargePagesIndividualAllocation        = false                                  {pd product} {ergonomic}

Logging:
Log output configuration:
 #0: stdout all=warning uptime,level,tags
 #1: stderr all=off uptime,level,tags

Environment Variables:
JAVA_HOME=C:\Program Files\Java\jdk-14
PATH=C:\WINDOWS\system32;C:\WINDOWS;C:\WINDOWS\System32\Wbem;C:\WINDOWS\System32\WindowsPowerShell\v1.0\;C:\WINDOWS\System32\OpenSSH\;C:\Program Files\dotnet\;C:\Program Files\Microsoft SQL Server\130\Tools\Binn\;C:\WINDOWS\system32\config\systemprofile\.dnx\bin;C:\Program Files\Microsoft DNX\Dnvm\;C:\Program Files\Microsoft SQL Server\Client SDK\ODBC\170\Tools\Binn\;C:\Program Files\Microsoft SQL Server\Client SDK\ODBC\130\Tools\Binn\;C:\Program Files (x86)\Microsoft SQL Server\140\Tools\Binn\;C:\Program Files\Microsoft SQL Server\140\Tools\Binn\;C:\Program Files\Microsoft SQL Server\140\DTS\Binn\;C:\Program Files (x86)\Microsoft SQL Server\150\DTS\Binn\;C:\Program Files (x86)\dotnet\;C:\Program Files\Git\cmd;C:\Program Files\nodejs\;C:\Users\niz66\AppData\Local\Microsoft\WindowsApps;C:\Users\niz66\AppData\Local\GitHubDesktop\bin;C:\Users\niz66\.dotnet\tools;C:\Users\niz66\AppData\Local\Programs\Microsoft VS Code\bin;C:\Users\niz66\AppData\Roaming\npm;%USERPROFILE%\AppData\Local\Microsoft\WindowsApps;
USERNAME=niz66
OS=Windows_NT
PROCESSOR_IDENTIFIER=Intel64 Family 6 Model 58 Stepping 9, GenuineIntel



---------------  S Y S T E M  ---------------

OS: Windows 10 , 64 bit Build 18362 (10.0.18362.778)
OS uptime: 4 days 16:34 hours

CPU:total 8 (initial active 8) (4 cores per cpu, 2 threads per core) family 6 model 58 stepping 9, cmov, cx8, fxsr, mmx, sse, sse2, sse3, ssse3, sse4.1, sse4.2, popcnt, avx, aes, clmul, erms, ht, tsc, tscinvbit, tscinv

Memory: 4k page, system-wide physical 8096M (1867M free)
TotalPageFile size 20896M (AvailPageFile size 10979M)
current process WorkingSet (physical memory assigned to process): 83M, peak: 83M
current process commit charge ("private bytes"): 241M, peak: 245M

vm_info: OpenJDK 64-Bit Server VM (14+36-1461) for windows-amd64 JRE (14+36-1461), built on Feb  6 2020 19:03:18 by "mach5one" with MS VC++ 15.9 (VS2017)

END.
